2013-12-19 20:24:51 r11775 Python 2.7.3 login.py
2013-12-19 22:55:46 r11775 Python 2.7.3 category.py "listify"
2013-12-19 23:01:10 r11775 Python 2.7.3 foo
2013-12-19 23:04:47 r11775 Python 2.7.3 Wikisource_Contributors_List.py
2013-12-19 23:05:18 r11775 Python 2.7.3 Wikisource_Contributors_List.py
2013-12-19 23:05:37 r11775 Python 2.7.3 Wikisource_Contributors_List.py
2013-12-19 23:05:45 r11775 Python 2.7.3 login.py
2013-12-19 23:05:51 r11775 Python 2.7.3 Wikisource_Contributors_List.py
2013-12-19 23:06:21 r11775 Python 2.7.3 Wikisource_Contributors_List.py
2013-12-19 23:07:04 r11775 Python 2.7.3 Wikisource_Contributors_List.py
2013-12-19 23:08:35 r11775 Python 2.7.3 foo
2013-12-19 23:08:38 r11775 Python 2.7.3 Wikisource_Contributors_List.py
2013-12-19 23:10:08 r11775 Python 2.7.3 foo
2013-12-19 23:10:56 r11775 Python 2.7.3 Wikisource_Contributors_List.py
2013-12-19 23:12:01 r11775 Python 2.7.3 Wikisource_Contributors_List.py
2013-12-19 23:12:09 r11775 Python 2.7.3 Wikisource_Contributors_List.py
2013-12-19 23:12:31 r11775 Python 2.7.3 foo
2013-12-19 23:12:44 r11775 Python 2.7.3 Wikisource_Contributors_List.py
2013-12-19 23:13:36 r11775 Python 2.7.3 foo
2013-12-19 23:13:42 r11775 Python 2.7.3 Wikisource_Contributors_List.py
2013-12-19 23:13:59 r11775 Python 2.7.3 Wikisource_Contributors_List.py
2013-12-19 23:15:46 r11775 Python 2.7.3 foo
2013-12-19 23:17:14 r11775 Python 2.7.3 Wikisource_Contributors_List.py
2013-12-19 23:17:33 r11775 Python 2.7.3 Wikisource_Contributors_List.py
2013-12-19 23:17:44 r11775 Python 2.7.3 Wikisource_Contributors_List.py
2013-12-19 23:19:42 r11775 Python 2.7.3 Wikisource_Contributors_List.py
2013-12-19 23:20:00 r11775 Python 2.7.3 Wikisource_Contributors_List.py
2013-12-19 23:20:42 r11775 Python 2.7.3 foo
2013-12-19 23:20:58 r11775 Python 2.7.3 Wikisource_Contributors_List.py
2013-12-19 23:22:00 r11775 Python 2.7.3 Wikisource_Contributors_List.py
2013-12-19 23:23:02 r11775 Python 2.7.3 Wikisource_Contributors_List.py
2013-12-19 23:23:41 r11775 Python 2.7.3 foo
2013-12-19 23:23:57 r11775 Python 2.7.3 Wikisource_Contributors_List.py
2013-12-19 23:24:12 r11775 Python 2.7.3 Wikisource_Contributors_List.py
2013-12-19 23:24:36 r11775 Python 2.7.3 Wikisource_Contributors_List.py
2013-12-19 23:25:55 r11775 Python 2.7.3 foo
2013-12-19 23:26:18 r11775 Python 2.7.3 Wikisource_Contributors_List.py
2013-12-19 23:26:59 r11775 Python 2.7.3 foo
2013-12-19 23:27:17 r11775 Python 2.7.3 Wikisource_Contributors_List.py
2013-12-19 23:28:15 r11775 Python 2.7.3 Wikisource_Contributors_List.py
2013-12-19 23:30:01 r11775 Python 2.7.3 foo
2013-12-19 23:30:41 r11775 Python 2.7.3 Wikisource_Contributors_List.py
2013-12-19 23:30:49 r11775 Python 2.7.3 Wikisource_Contributors_List.py "വിക്കിഗ്രന്ഥശാല"
2013-12-19 23:31:04 r11775 Python 2.7.3 foo
2013-12-19 23:31:13 r11775 Python 2.7.3 Wikisource_Contributors_List.py "വിക്കിഗ്രന്ഥശാല"
2013-12-19 23:31:16 r11775 Python 2.7.3 Wikisource_Contributors_List.py "വിക്കിഗ്രന്ഥശാല"
2013-12-19 23:31:35 r11775 Python 2.7.3 Wikisource_Contributors_List.py "വിക്കിഗ്രന്ഥശാല"
2013-12-19 23:31:55 r11775 Python 2.7.3 Wikisource_Contributors_List.py "വിക്കിഗ്രന്ഥശാല"
2013-12-19 23:32:03 r11775 Python 2.7.3 foo
2013-12-19 23:32:57 r11775 Python 2.7.3 Wikisource_Contributors_List.py "വിക്കിഗ്രന്ഥശാല"
2013-12-19 23:33:19 r11775 Python 2.7.3 Wikisource_Contributors_List.py "വിക്കിഗ്രന്ഥശാല"
2013-12-19 23:33:35 r11775 Python 2.7.3 Wikisource_Contributors_List.py "വിക്കിഗ്രന്ഥശാല"
2013-12-19 23:33:47 r11775 Python 2.7.3 Wikisource_Contributors_List.py "വിക്കിഗ്രന്ഥശാല"
2013-12-19 23:34:02 r11775 Python 2.7.3 foo
2013-12-19 23:34:26 r11775 Python 2.7.3 Wikisource_Contributors_List.py "വിക്കിഗ്രന്ഥശാല"
2013-12-19 23:34:40 r11775 Python 2.7.3 Wikisource_Contributors_List.py "വിക്കിഗ്രന്ഥശാല"
2013-12-19 23:35:07 r11775 Python 2.7.3 Wikisource_Contributors_List.py "വിക്കിഗ്രന്ഥശാല"
2013-12-19 23:39:55 r11775 Python 2.7.3 foo
2013-12-19 23:43:06 r11775 Python 2.7.3 Wikisource_Contributors_List.py "വിക്കിഗ്രന്ഥശാല"
2013-12-19 23:43:33 r11775 Python 2.7.3 Wikisource_Contributors_List.py "വിക്കിഗ്രന്ഥശാല"
2013-12-19 23:45:27 r11775 Python 2.7.3 Wikisource_Contributors_List.py "വിക്കിഗ്രന്ഥശാല"
2013-12-19 23:47:59 r11775 Python 2.7.3 Wikisource_Contributors_List.py "വിക്കിഗ്രന്ഥശാല"
2013-12-19 23:48:28 r11775 Python 2.7.3 Wikisource_Contributors_List.py "വിക്കിഗ്രന്ഥശാല"
2013-12-19 23:50:14 r11775 Python 2.7.3 Wikisource_Contributors_List.py "വിക്കിഗ്രന്ഥശാല"
2013-12-19 23:52:20 r11775 Python 2.7.3 Wikisource_Contributors_List.py "വിക്കിഗ്രന്ഥശാല"
2013-12-19 23:52:49 r11775 Python 2.7.3 foo
2013-12-19 23:52:59 r11775 Python 2.7.3 Wikisource_Contributors_List.py "വിക്കിഗ്രന്ഥശാല"
2013-12-19 23:53:27 r11775 Python 2.7.3 Wikisource_Contributors_List.py "വിക്കിഗ്രന്ഥശാല"
2013-12-19 23:53:44 r11775 Python 2.7.3 foo
2013-12-19 23:53:52 r11775 Python 2.7.3 Wikisource_Contributors_List.py "വിക്കിഗ്രന്ഥശാല"
2013-12-19 23:54:16 r11775 Python 2.7.3 Wikisource_Contributors_List.py "വിക്കിഗ്രന്ഥശാല"
2013-12-19 23:55:04 r11775 Python 2.7.3 Wikisource_Contributors_List.py "വിക്കിഗ്രന്ഥശാല"
2013-12-20 00:17:06 r11775 Python 2.7.3 category.py "add" "-file:input.txt" "ഒരുപരീക്ഷണം"
2013-12-20 00:17:12 r11775 Python 2.7.3 category.py "add" "-file:input.txt"
2013-12-20 00:17:51 r11775 Python 2.7.3 login.py
2013-12-20 00:17:57 r11775 Python 2.7.3 category.py "add" "-file:input.txt"
2013-12-20 00:18:55 r11775 Python 2.7.3 category.py "add" "-file:input.txt"
2013-12-20 00:19:21 r11775 Python 2.7.3 category.py "add"
2013-12-20 00:19:29 r11775 Python 2.7.3 category.py
2013-12-20 00:19:45 r11775 Python 2.7.3 category.py "add" "-file"
2013-12-20 00:19:55 r11775 Python 2.7.3 category.py "add" "-file"
2013-12-20 00:29:18 r11775 Python 2.7.3 category.py "add" "-namespace:File" "-file"
2013-12-20 00:29:52 r11775 Python 2.7.3 category.py "add" "-namespace:File" "-file"
2013-12-20 00:30:01 r11775 Python 2.7.3 category.py "add" "-namespace:106" "-file"
2013-12-20 00:30:20 r11775 Python 2.7.3 category.py "add" "-namespace:106" "-file"
2013-12-20 00:35:30 r11775 Python 2.7.3 Wikisource_Contributors_List.py "Onetest"
2013-12-20 00:36:43 r11775 Python 2.7.3 Wikisource_Contributors_List.py "Onetest"
2013-12-20 01:13:36 r11775 Python 2.7.3 foo
2013-12-20 01:17:50 r11775 Python 2.7.3 Wikisource_Contributors_List.py "ദേവീസ്തോത്രങ്ങൾ"
2013-12-20 01:21:39 r11775 Python 2.7.3 Wikisource_Contributors_List.py "ദേവീസ്തോത്രങ്ങൾ"
2013-12-20 01:23:02 r11775 Python 2.7.3 foo
2013-12-20 01:23:49 r11775 Python 2.7.3 Wikisource_Contributors_List.py "ദേവീസ്തോത്രങ്ങൾ"
2013-12-20 01:24:22 r11775 Python 2.7.3 Wikisource_Contributors_List.py "ദേവീസ്തോത്രങ്ങൾ"
2013-12-20 01:25:21 r11775 Python 2.7.3 Wikisource_Contributors_List.py "ദേവീസ്തോത്രങ്ങൾ"
2013-12-20 01:26:14 r11775 Python 2.7.3 Wikisource_Contributors_List.py "ദേവീസ്തോത്രങ്ങൾ"
2013-12-30 21:07:15 r11775 Python 2.7.3 Proofreading_Contest_Count.py "വിക്കിഗ്രന്ഥശാല"
2013-12-30 21:09:10 r11775 Python 2.7.3 Proofreading_Contest_Count.py "വിക്കിഗ്രന്ഥശാല"
2013-12-30 21:09:37 r11775 Python 2.7.3 Proofreading_Contest_Count.py "വിക്കിഗ്രന്ഥശാല"
2013-12-30 21:10:10 r11775 Python 2.7.3 Proofreading_Contest_Count.py "വിക്കിഗ്രന്ഥശാല"
2013-12-30 21:10:51 r11775 Python 2.7.3 Proofreading_Contest_Count.py "വിക്കിഗ്രന്ഥശാല"
2013-12-30 21:26:09 r11775 Python 2.7.3 foo
2013-12-30 21:27:35 r11775 Python 2.7.3 Proofreading_Contest_Count.py "വിക്കിഗ്രന്ഥശാല"
2013-12-30 21:30:16 r11775 Python 2.7.3 Proofreading_Contest_Count.py "ചട്ടമ്പിസ്വാമികളുടെ_കൃതികൾ"
2013-12-30 21:34:54 r11775 Python 2.7.3 foo
2013-12-30 21:36:16 r11775 Python 2.7.3 Proofreading_Contest_Count.py "ചട്ടമ്പിസ്വാമികളുടെ_കൃതികൾ"
2013-12-30 21:36:58 r11775 Python 2.7.3 Proofreading_Contest_Count.py "ചട്ടമ്പിസ്വാമികളുടെ_കൃതികൾ"
2013-12-30 21:38:28 r11775 Python 2.7.3 foo
2013-12-30 21:38:37 r11775 Python 2.7.3 Proofreading_Contest_Count.py "ചട്ടമ്പിസ്വാമികളുടെ_കൃതികൾ"
2013-12-30 21:40:58 r11775 Python 2.7.3 Proofreading_Contest_Count.py "ചട്ടമ്പിസ്വാമികളുടെ_കൃതികൾ"
2013-12-30 21:41:45 r11775 Python 2.7.3 Proofreading_Contest_Count.py "ചട്ടമ്പിസ്വാമികളുടെ_കൃതികൾ"
2013-12-30 21:42:25 r11775 Python 2.7.3 Proofreading_Contest_Count.py "ചട്ടമ്പിസ്വാമികളുടെ_കൃതികൾ"
2013-12-30 21:44:36 r11775 Python 2.7.3 foo
2013-12-30 21:45:13 r11775 Python 2.7.3 Proofreading_Contest_Count.py "ചട്ടമ്പിസ്വാമികളുടെ_കൃതികൾ"
2013-12-30 21:46:01 r11775 Python 2.7.3 Proofreading_Contest_Count.py "ചട്ടമ്പിസ്വാമികളുടെ_കൃതികൾ"
2013-12-30 21:46:46 r11775 Python 2.7.3 Proofreading_Contest_Count.py "ചട്ടമ്പിസ്വാമികളുടെ_കൃതികൾ"
2013-12-30 21:47:39 r11775 Python 2.7.3 Proofreading_Contest_Count.py "ചട്ടമ്പിസ്വാമികളുടെ_കൃതികൾ"
2013-12-30 21:49:02 r11775 Python 2.7.3 foo
2013-12-30 21:49:27 r11775 Python 2.7.3 Proofreading_Contest_Count.py "ചട്ടമ്പിസ്വാമികളുടെ_കൃതികൾ"
2013-12-30 21:50:47 r11775 Python 2.7.3 Proofreading_Contest_Count.py "ചട്ടമ്പിസ്വാമികളുടെ_കൃതികൾ"
2013-12-30 21:57:36 r11775 Python 2.7.3 foo
2013-12-30 21:58:09 r11775 Python 2.7.3 Proofreading_Contest_Count.py "ചട്ടമ്പിസ്വാമികളുടെ_കൃതികൾ"
2013-12-30 22:01:38 r11775 Python 2.7.3 Proofreading_Contest_Count.py "ചട്ടമ്പിസ്വാമികളുടെ_കൃതികൾ"
2013-12-30 23:19:48 r11775 Python 2.7.3 foo
2013-12-30 23:26:19 r11775 Python 2.7.3 Proofreading_Contest_Count.py "വിക്കിഗ്രന്ഥശാല"
2013-12-30 23:26:56 r11775 Python 2.7.3 Proofreading_Contest_Count.py "വിക്കിഗ്രന്ഥശാല"
2013-12-30 23:27:43 r11775 Python 2.7.3 Proofreading_Contest_Count.py "വിക്കിഗ്രന്ഥശാല"
2013-12-30 23:28:13 r11775 Python 2.7.3 foo
2013-12-30 23:28:23 r11775 Python 2.7.3 Proofreading_Contest_Count.py "വിക്കിഗ്രന്ഥശാല"
2013-12-30 23:28:44 r11775 Python 2.7.3 Proofreading_Contest_Count.py "വിക്കിഗ്രന്ഥശാല"
2013-12-30 23:29:44 r11775 Python 2.7.3 foo
2013-12-30 23:29:51 r11775 Python 2.7.3 Proofreading_Contest_Count.py "വിക്കിഗ്രന്ഥശാല"
2013-12-30 23:32:30 r11775 Python 2.7.3 Proofreading_Contest_Count.py "വിക്കിഗ്രന്ഥശാല"
2013-12-30 23:36:41 r11775 Python 2.7.3 foo
2013-12-30 23:37:57 r11775 Python 2.7.3 Proofreading_Contest_Count.py "വിക്കിഗ്രന്ഥശാല"
2013-12-30 23:38:54 r11775 Python 2.7.3 foo
2013-12-30 23:40:35 r11775 Python 2.7.3 Proofreading_Contest_Count.py "വിക്കിഗ്രന്ഥശാല"
2013-12-30 23:41:20 r11775 Python 2.7.3 Proofreading_Contest_Count.py "വിക്കിഗ്രന്ഥശാല"
2013-12-30 23:42:31 r11775 Python 2.7.3 Proofreading_Contest_Count.py "വിക്കിഗ്രന്ഥശാല"
2013-12-30 23:43:08 r11775 Python 2.7.3 Proofreading_Contest_Count.py "വിക്കിഗ്രന്ഥശാല"
2013-12-30 23:44:22 r11775 Python 2.7.3 Proofreading_Contest_Count.py "വിക്കിഗ്രന്ഥശാല"
2013-12-30 23:45:06 r11775 Python 2.7.3 Proofreading_Contest_Count.py "വിക്കിഗ്രന്ഥശാല"
2013-12-30 23:46:03 r11775 Python 2.7.3 Proofreading_Contest_Count.py "വിക്കിഗ്രന്ഥശാല"
2013-12-30 23:46:33 r11775 Python 2.7.3 Proofreading_Contest_Count.py "വിക്കിഗ്രന്ഥശാല"
2013-12-30 23:47:20 r11775 Python 2.7.3 Proofreading_Contest_Count.py "വിക്കിഗ്രന്ഥശാല"
2013-12-30 23:48:31 r11775 Python 2.7.3 Proofreading_Contest_Count.py "വിക്കിഗ്രന്ഥശാല"
2013-12-30 23:48:52 r11775 Python 2.7.3 Proofreading_Contest_Count.py "വിക്കിഗ്രന്ഥശാല"
2013-12-30 23:49:26 r11775 Python 2.7.3 Proofreading_Contest_Count.py "വിക്കിഗ്രന്ഥശാല"
2013-12-30 23:49:48 r11775 Python 2.7.3 Proofreading_Contest_Count.py "വിക്കിഗ്രന്ഥശാല"
2013-12-30 23:51:19 r11775 Python 2.7.3 Proofreading_Contest_Count.py "വിക്കിഗ്രന്ഥശാല"
2013-12-30 23:52:00 r11775 Python 2.7.3 Proofreading_Contest_Count.py "വിക്കിഗ്രന്ഥശാല"
2013-12-30 23:52:32 r11775 Python 2.7.3 Proofreading_Contest_Count.py "വിക്കിഗ്രന്ഥശാല"
2013-12-30 23:52:57 r11775 Python 2.7.3 Proofreading_Contest_Count.py "വിക്കിഗ്രന്ഥശാല"
2013-12-30 23:54:32 r11775 Python 2.7.3 Proofreading_Contest_Count.py "വിക്കിഗ്രന്ഥശാല"
2013-12-30 23:54:42 r11775 Python 2.7.3 Proofreading_Contest_Count.py "വിക്കിഗ്രന്ഥശാല"
2013-12-30 23:54:53 r11775 Python 2.7.3 Proofreading_Contest_Count.py "വിക്കിഗ്രന്ഥശാല"
2013-12-30 23:55:22 r11775 Python 2.7.3 Proofreading_Contest_Count.py "വിക്കിഗ്രന്ഥശാല"
2013-12-30 23:55:45 r11775 Python 2.7.3 Proofreading_Contest_Count.py "വിക്കിഗ്രന്ഥശാല"
2013-12-30 23:55:58 r11775 Python 2.7.3 Proofreading_Contest_Count.py "വിക്കിഗ്രന്ഥശാല"
2013-12-30 23:56:17 r11775 Python 2.7.3 Proofreading_Contest_Count.py "വിക്കിഗ്രന്ഥശാല"
2013-12-30 23:56:59 r11775 Python 2.7.3 Proofreading_Contest_Count.py "വിക്കിഗ്രന്ഥശാല"
2013-12-31 00:31:07 r11747 Python 2.7.3 Proofreading_Contest_Count.py "വിക്കിഗ്രന്ഥശാല"
2013-12-31 00:32:49 r11747 Python 2.7.3 Proofreading_Contest_Count.py "വിക്കിഗ്രന്ഥശാല"
2013-12-31 00:34:48 r11747 Python 2.7.3 Proofreading_Contest_Count.py "വിക്കിഗ്രന്ഥശാല"
2013-12-31 00:35:19 r11747 Python 2.7.3 Proofreading_Contest_Count.py "വിക്കിഗ്രന്ഥശാല"
2013-12-31 00:36:07 r11747 Python 2.7.3 Proofreading_Contest_Count.py "വിക്കിഗ്രന്ഥശാല"
2013-12-31 00:36:38 r11747 Python 2.7.3 Proofreading_Contest_Count.py "വിക്കിഗ്രന്ഥശാല"
2013-12-31 00:37:04 r11747 Python 2.7.3 Proofreading_Contest_Count.py "വിക്കിഗ്രന്ഥശാല"
2013-12-31 00:37:33 r11747 Python 2.7.3 Proofreading_Contest_Count.py "വിക്കിഗ്രന്ഥശാല"
2013-12-31 00:38:08 r11747 Python 2.7.3 Proofreading_Contest_Count.py "വിക്കിഗ്രന്ഥശാല"
2013-12-31 00:38:34 r11747 Python 2.7.3 Proofreading_Contest_Count.py "വിക്കിഗ്രന്ഥശാല"
2013-12-31 00:39:37 r11747 Python 2.7.3 Proofreading_Contest_Count.py "വിക്കിഗ്രന്ഥശാല"
2013-12-31 00:40:13 r11747 Python 2.7.3 Proofreading_Contest_Count.py "വിക്കിഗ്രന്ഥശാല"
2014-01-01 10:17:45 r11747 Python 2.7.3 foo
2014-01-01 10:22:45 r11747 Python 2.7.3 Proofreading_Contest_Count.py
2014-01-01 10:26:53 r11747 Python 2.7.3 Proofreading_Contest_Count_Pages.py
2014-01-01 10:27:38 r11747 Python 2.7.3 Proofreading_Contest_Count_Pages.py
2014-01-01 10:28:08 r11747 Python 2.7.3 Proofreading_Contest_Count_Pages.py
2014-01-01 10:28:49 r11747 Python 2.7.3 Proofreading_Contest_Count_Pages.py
2014-01-01 10:29:44 r11747 Python 2.7.3 Proofreading_Contest_Count_Pages.py
2014-01-01 10:30:15 r11747 Python 2.7.3 Proofreading_Contest_Count_Pages.py
2014-01-01 10:30:55 r11747 Python 2.7.3 Proofreading_Contest_Count_Pages.py
2014-01-01 10:31:32 r11747 Python 2.7.3 Proofreading_Contest_Count_Pages.py
2014-01-01 10:32:13 r11747 Python 2.7.3 Proofreading_Contest_Count_Pages.py
2014-01-01 10:33:16 r11747 Python 2.7.3 Proofreading_Contest_Count.py
2014-01-01 10:48:12 r11747 Python 2.7.3 Proofreading_Contest_Count.py
2014-01-01 10:53:46 r11747 Python 2.7.3 Proofreading_Contest_Count.py
2014-01-01 10:55:46 r11747 Python 2.7.3 Proofreading_Contest_Count.py
2014-01-01 12:50:02 r11747 Python 2.7.3 Proofreading_Contest_Count.py
2014-01-01 13:00:02 r11747 Python 2.7.3 Proofreading_Contest_Count.py
2014-01-01 13:10:02 r11747 Python 2.7.3 Proofreading_Contest_Count.py
2014-01-01 13:20:02 r11747 Python 2.7.3 Proofreading_Contest_Count.py
2014-01-01 13:30:01 r11747 Python 2.7.3 Proofreading_Contest_Count.py
2014-01-01 13:40:02 r11747 Python 2.7.3 Proofreading_Contest_Count.py
2014-01-01 13:50:02 r11747 Python 2.7.3 Proofreading_Contest_Count.py
2014-01-01 14:00:02 r11747 Python 2.7.3 Proofreading_Contest_Count.py
2014-01-01 14:10:01 r11747 Python 2.7.3 Proofreading_Contest_Count.py
2014-01-01 14:20:02 r11747 Python 2.7.3 Proofreading_Contest_Count.py
2014-01-01 14:30:01 r11747 Python 2.7.3 Proofreading_Contest_Count.py
2014-01-01 14:40:02 r11747 Python 2.7.3 Proofreading_Contest_Count.py
2014-01-01 14:50:01 r11747 Python 2.7.3 Proofreading_Contest_Count.py
2014-01-01 15:00:01 r11747 Python 2.7.3 Proofreading_Contest_Count.py
2014-01-01 15:10:02 r11747 Python 2.7.3 Proofreading_Contest_Count.py
2014-01-01 15:20:02 r11747 Python 2.7.3 Proofreading_Contest_Count.py
2014-01-01 15:30:02 r11747 Python 2.7.3 Proofreading_Contest_Count.py
2014-01-01 15:40:01 r11747 Python 2.7.3 Proofreading_Contest_Count.py
2014-01-01 15:50:01 r11747 Python 2.7.3 Proofreading_Contest_Count.py
2014-01-01 16:00:01 r11747 Python 2.7.3 Proofreading_Contest_Count.py
2014-01-01 16:10:02 r11747 Python 2.7.3 Proofreading_Contest_Count.py
2014-01-01 16:20:01 r11747 Python 2.7.3 Proofreading_Contest_Count.py
2014-01-01 16:30:01 r11747 Python 2.7.3 Proofreading_Contest_Count.py
2014-01-01 16:40:02 r11747 Python 2.7.3 Proofreading_Contest_Count.py
2014-01-01 16:50:01 r11747 Python 2.7.3 Proofreading_Contest_Count.py
2014-01-01 17:00:01 r11747 Python 2.7.3 Proofreading_Contest_Count.py
2014-01-01 17:10:01 r11747 Python 2.7.3 Proofreading_Contest_Count.py
2014-01-01 17:20:02 r11747 Python 2.7.3 Proofreading_Contest_Count.py
2014-01-01 17:30:02 r11747 Python 2.7.3 Proofreading_Contest_Count.py
2014-01-01 17:40:02 r11747 Python 2.7.3 Proofreading_Contest_Count.py
2014-01-01 17:42:32 r11747 Python 2.7.3 Proofreading_Contest_Count.py
2014-01-01 17:50:02 r11747 Python 2.7.3 Proofreading_Contest_Count.py
2014-01-01 18:00:02 r11747 Python 2.7.3 Proofreading_Contest_Count.py
2014-01-01 18:10:01 r11747 Python 2.7.3 Proofreading_Contest_Count.py
2014-01-01 18:20:02 r11747 Python 2.7.3 Proofreading_Contest_Count.py
2014-01-01 18:30:02 r11747 Python 2.7.3 Proofreading_Contest_Count.py
2014-01-01 18:40:01 r11747 Python 2.7.3 Proofreading_Contest_Count.py
2014-01-01 18:50:02 r11747 Python 2.7.3 Proofreading_Contest_Count.py
2014-01-01 19:00:02 r11747 Python 2.7.3 Proofreading_Contest_Count.py
2014-01-01 19:10:01 r11747 Python 2.7.3 Proofreading_Contest_Count.py
2014-01-01 19:20:01 r11747 Python 2.7.3 Proofreading_Contest_Count.py
2014-01-01 19:30:02 r11747 Python 2.7.3 Proofreading_Contest_Count.py
2014-01-01 19:40:01 r11747 Python 2.7.3 Proofreading_Contest_Count.py
2014-01-01 19:50:02 r11747 Python 2.7.3 Proofreading_Contest_Count.py
2014-01-01 20:00:01 r11747 Python 2.7.3 Proofreading_Contest_Count.py
2014-01-01 20:10:02 r11747 Python 2.7.3 Proofreading_Contest_Count.py
2014-01-01 20:20:01 r11747 Python 2.7.3 Proofreading_Contest_Count.py
2014-01-01 20:30:01 r11747 Python 2.7.3 Proofreading_Contest_Count.py
2014-01-01 20:40:02 r11747 Python 2.7.3 Proofreading_Contest_Count.py
2014-01-01 20:50:01 r11747 Python 2.7.3 Proofreading_Contest_Count.py
2014-01-01 21:00:01 r11747 Python 2.7.3 Proofreading_Contest_Count.py
2014-01-01 21:10:01 r11747 Python 2.7.3 Proofreading_Contest_Count.py
2014-01-01 21:20:02 r11747 Python 2.7.3 Proofreading_Contest_Count.py
2014-01-01 21:30:02 r11747 Python 2.7.3 Proofreading_Contest_Count.py
2014-01-01 21:40:02 r11747 Python 2.7.3 Proofreading_Contest_Count.py
2014-01-01 21:50:02 r11747 Python 2.7.3 Proofreading_Contest_Count.py
2014-01-01 22:00:02 r11747 Python 2.7.3 Proofreading_Contest_Count.py
2014-01-01 22:10:02 r11747 Python 2.7.3 Proofreading_Contest_Count.py
2014-01-01 22:20:01 r11747 Python 2.7.3 Proofreading_Contest_Count.py
2014-01-01 22:30:01 r11747 Python 2.7.3 Proofreading_Contest_Count.py
2014-01-01 22:40:01 r11747 Python 2.7.3 Proofreading_Contest_Count.py
2014-01-01 22:50:01 r11747 Python 2.7.3 Proofreading_Contest_Count.py
2014-01-01 23:00:02 r11747 Python 2.7.3 Proofreading_Contest_Count.py
2014-01-01 23:10:01 r11747 Python 2.7.3 Proofreading_Contest_Count.py
2014-01-01 23:20:01 r11747 Python 2.7.3 Proofreading_Contest_Count.py
2014-01-01 23:26:23 r11747 Python 2.7.3 Proofreading_Contest_Count.py
2014-01-01 23:28:49 r11747 Python 2.7.3 Proofreading_Contest_Count.py
2014-01-01 23:30:02 r11747 Python 2.7.3 Proofreading_Contest_Count.py
2014-01-01 23:33:40 r11747 Python 2.7.3 Proofreading_Contest_Count.py
2014-01-01 23:34:40 r11747 Python 2.7.3 Proofreading_Contest_Count.py
2014-01-01 23:36:53 r11747 Python 2.7.3 Proofreading_Contest_Count.py
2014-01-01 23:37:35 r11747 Python 2.7.3 Proofreading_Contest_Count.py
2014-01-01 23:40:01 r11747 Python 2.7.3 Proofreading_Contest_Count.py
2014-01-01 23:50:01 r11747 Python 2.7.3 Proofreading_Contest_Count.py
2014-01-02 00:00:02 r11747 Python 2.7.3 Proofreading_Contest_Count.py
2014-01-02 00:10:02 r11747 Python 2.7.3 Proofreading_Contest_Count.py
2014-01-02 00:13:17 r11747 Python 2.7.3 Proofreading_Contest_Count.py
2014-01-02 00:14:37 r11747 Python 2.7.3 Proofreading_Contest_Count.py
2014-01-02 00:20:01 r11747 Python 2.7.3 Proofreading_Contest_Count.py
2014-01-02 00:26:29 r11747 Python 2.7.3 Proofreading_Contest_Count.py
2014-01-02 00:30:02 r11747 Python 2.7.3 Proofreading_Contest_Count.py
2014-01-02 00:40:02 r11747 Python 2.7.3 Proofreading_Contest_Count.py
2014-01-02 00:50:01 r11747 Python 2.7.3 Proofreading_Contest_Count.py
2014-01-02 01:00:01 r11747 Python 2.7.3 Proofreading_Contest_Count.py
2014-01-02 01:10:01 r11747 Python 2.7.3 Proofreading_Contest_Count.py
2014-01-02 01:20:02 r11747 Python 2.7.3 Proofreading_Contest_Count.py
2014-01-02 01:30:02 r11747 Python 2.7.3 Proofreading_Contest_Count.py
2014-01-02 01:40:01 r11747 Python 2.7.3 Proofreading_Contest_Count.py
2014-01-02 01:50:02 r11747 Python 2.7.3 Proofreading_Contest_Count.py
2014-01-02 02:00:01 r11747 Python 2.7.3 Proofreading_Contest_Count.py
2014-01-02 02:10:02 r11747 Python 2.7.3 Proofreading_Contest_Count.py
2014-01-02 02:20:02 r11747 Python 2.7.3 Proofreading_Contest_Count.py
2014-01-02 02:30:02 r11747 Python 2.7.3 Proofreading_Contest_Count.py
2014-01-02 02:40:01 r11747 Python 2.7.3 Proofreading_Contest_Count.py
2014-01-02 02:50:02 r11747 Python 2.7.3 Proofreading_Contest_Count.py
2014-01-02 03:00:02 r11747 Python 2.7.3 Proofreading_Contest_Count.py
2014-01-02 03:10:02 r11747 Python 2.7.3 Proofreading_Contest_Count.py
2014-01-02 03:20:01 r11747 Python 2.7.3 Proofreading_Contest_Count.py
2014-01-02 03:30:01 r11747 Python 2.7.3 Proofreading_Contest_Count.py
2014-01-02 03:40:02 r11747 Python 2.7.3 Proofreading_Contest_Count.py
2014-01-02 03:50:02 r11747 Python 2.7.3 Proofreading_Contest_Count.py
2014-01-02 04:00:01 r11747 Python 2.7.3 Proofreading_Contest_Count.py
2014-01-02 04:10:02 r11747 Python 2.7.3 Proofreading_Contest_Count.py
2014-01-02 04:20:01 r11747 Python 2.7.3 Proofreading_Contest_Count.py
2014-01-02 04:30:02 r11747 Python 2.7.3 Proofreading_Contest_Count.py
2014-01-02 04:40:01 r11747 Python 2.7.3 Proofreading_Contest_Count.py
2014-01-02 04:50:01 r11747 Python 2.7.3 Proofreading_Contest_Count.py
2014-01-02 05:00:01 r11747 Python 2.7.3 Proofreading_Contest_Count.py
2014-01-02 05:10:02 r11747 Python 2.7.3 Proofreading_Contest_Count.py
2014-01-02 05:20:02 r11747 Python 2.7.3 Proofreading_Contest_Count.py
2014-01-02 05:30:02 r11747 Python 2.7.3 Proofreading_Contest_Count.py
2014-01-02 05:40:02 r11747 Python 2.7.3 Proofreading_Contest_Count.py
2014-01-02 05:50:02 r11747 Python 2.7.3 Proofreading_Contest_Count.py
2014-01-02 06:00:02 r11747 Python 2.7.3 Proofreading_Contest_Count.py
2014-01-02 06:10:02 r11747 Python 2.7.3 Proofreading_Contest_Count.py
2014-01-02 06:20:01 r11747 Python 2.7.3 Proofreading_Contest_Count.py
2014-01-02 06:30:01 r11747 Python 2.7.3 Proofreading_Contest_Count.py
2014-01-02 06:40:01 r11747 Python 2.7.3 Proofreading_Contest_Count.py
2014-01-02 06:50:02 r11747 Python 2.7.3 Proofreading_Contest_Count.py
2014-01-02 07:00:01 r11747 Python 2.7.3 Proofreading_Contest_Count.py
2014-01-02 07:10:02 r11747 Python 2.7.3 Proofreading_Contest_Count.py
2014-01-02 07:20:01 r11747 Python 2.7.3 Proofreading_Contest_Count.py
2014-01-02 07:30:01 r11747 Python 2.7.3 Proofreading_Contest_Count.py
2014-01-02 07:40:01 r11747 Python 2.7.3 Proofreading_Contest_Count.py
2014-01-02 07:50:02 r11747 Python 2.7.3 Proofreading_Contest_Count.py
2014-01-02 08:00:01 r11747 Python 2.7.3 Proofreading_Contest_Count.py
2014-01-02 08:10:02 r11747 Python 2.7.3 Proofreading_Contest_Count.py
2014-01-02 08:20:01 r11747 Python 2.7.3 Proofreading_Contest_Count.py
2014-01-02 08:30:02 r11747 Python 2.7.3 Proofreading_Contest_Count.py
2014-01-02 08:40:02 r11747 Python 2.7.3 Proofreading_Contest_Count.py
2014-01-02 08:50:02 r11747 Python 2.7.3 Proofreading_Contest_Count.py
2014-01-02 09:00:01 r11747 Python 2.7.3 Proofreading_Contest_Count.py
2014-01-02 09:10:02 r11747 Python 2.7.3 Proofreading_Contest_Count.py
2014-01-02 09:20:02 r11747 Python 2.7.3 Proofreading_Contest_Count.py
2014-01-02 09:30:01 r11747 Python 2.7.3 Proofreading_Contest_Count.py
2014-01-02 09:40:01 r11747 Python 2.7.3 Proofreading_Contest_Count.py
2014-01-02 09:50:01 r11747 Python 2.7.3 Proofreading_Contest_Count.py
2014-01-02 10:00:02 r11747 Python 2.7.3 Proofreading_Contest_Count.py
2014-01-02 10:10:02 r11747 Python 2.7.3 Proofreading_Contest_Count.py
2014-01-02 10:20:02 r11747 Python 2.7.3 Proofreading_Contest_Count.py
2014-01-02 10:30:02 r11747 Python 2.7.3 Proofreading_Contest_Count.py
2014-01-02 10:40:01 r11747 Python 2.7.3 Proofreading_Contest_Count.py
2014-01-02 10:50:02 r11747 Python 2.7.3 Proofreading_Contest_Count.py
2014-01-02 11:00:02 r11747 Python 2.7.3 Proofreading_Contest_Count.py
2014-01-02 11:10:01 r11747 Python 2.7.3 Proofreading_Contest_Count.py
2014-01-02 11:20:01 r11747 Python 2.7.3 Proofreading_Contest_Count.py
2014-01-02 11:30:02 r11747 Python 2.7.3 Proofreading_Contest_Count.py
2014-01-02 11:40:02 r11747 Python 2.7.3 Proofreading_Contest_Count.py
2014-01-02 11:50:01 r11747 Python 2.7.3 Proofreading_Contest_Count.py
2014-01-02 12:00:01 r11747 Python 2.7.3 Proofreading_Contest_Count.py
2014-01-02 12:10:02 r11747 Python 2.7.3 Proofreading_Contest_Count.py
2014-01-02 12:20:02 r11747 Python 2.7.3 Proofreading_Contest_Count.py
2014-01-02 12:30:02 r11747 Python 2.7.3 Proofreading_Contest_Count.py
2014-01-02 12:40:02 r11747 Python 2.7.3 Proofreading_Contest_Count.py
2014-01-02 12:50:02 r11747 Python 2.7.3 Proofreading_Contest_Count.py
2014-01-02 13:00:02 r11747 Python 2.7.3 Proofreading_Contest_Count.py
2014-01-02 13:10:03 r11747 Python 2.7.3 Proofreading_Contest_Count.py
2014-01-02 13:20:02 r11747 Python 2.7.3 Proofreading_Contest_Count.py
2014-01-02 13:30:02 r11747 Python 2.7.3 Proofreading_Contest_Count.py
2014-01-02 13:40:02 r11747 Python 2.7.3 Proofreading_Contest_Count.py
2014-01-02 13:50:01 r11747 Python 2.7.3 Proofreading_Contest_Count.py
2014-01-02 14:00:02 r11747 Python 2.7.3 Proofreading_Contest_Count.py
2014-01-02 14:10:02 r11747 Python 2.7.3 Proofreading_Contest_Count.py
2014-01-02 14:20:02 r11747 Python 2.7.3 Proofreading_Contest_Count.py
2014-01-02 14:30:02 r11747 Python 2.7.3 Proofreading_Contest_Count.py
2014-01-02 14:40:02 r11747 Python 2.7.3 Proofreading_Contest_Count.py
2014-01-02 14:50:02 r11747 Python 2.7.3 Proofreading_Contest_Count.py
2014-01-02 15:00:01 r11747 Python 2.7.3 Proofreading_Contest_Count.py
2014-01-02 15:10:02 r11747 Python 2.7.3 Proofreading_Contest_Count.py
2014-01-02 15:20:01 r11747 Python 2.7.3 Proofreading_Contest_Count.py
2014-01-02 15:30:02 r11747 Python 2.7.3 Proofreading_Contest_Count.py
2014-01-02 15:40:01 r11747 Python 2.7.3 Proofreading_Contest_Count.py
2014-01-02 15:50:01 r11747 Python 2.7.3 Proofreading_Contest_Count.py
2014-01-02 16:00:02 r11747 Python 2.7.3 Proofreading_Contest_Count.py
2014-01-02 16:10:02 r11747 Python 2.7.3 Proofreading_Contest_Count.py
2014-01-02 16:20:01 r11747 Python 2.7.3 Proofreading_Contest_Count.py
2014-01-02 16:30:01 r11747 Python 2.7.3 Proofreading_Contest_Count.py
2014-01-02 16:40:02 r11747 Python 2.7.3 Proofreading_Contest_Count.py
2014-01-02 16:50:01 r11747 Python 2.7.3 Proofreading_Contest_Count.py
2014-01-02 17:00:02 r11747 Python 2.7.3 Proofreading_Contest_Count.py
2014-01-02 17:10:01 r11747 Python 2.7.3 Proofreading_Contest_Count.py
2014-01-02 17:20:01 r11747 Python 2.7.3 Proofreading_Contest_Count.py
2014-01-02 17:30:01 r11747 Python 2.7.3 Proofreading_Contest_Count.py
2014-01-02 17:40:01 r11747 Python 2.7.3 Proofreading_Contest_Count.py
2014-01-02 17:50:01 r11747 Python 2.7.3 Proofreading_Contest_Count.py
2014-01-02 18:00:01 r11747 Python 2.7.3 Proofreading_Contest_Count.py
2014-01-02 18:10:02 r11747 Python 2.7.3 Proofreading_Contest_Count.py
2014-01-02 18:20:02 r11747 Python 2.7.3 Proofreading_Contest_Count.py
2014-01-02 18:30:02 r11747 Python 2.7.3 Proofreading_Contest_Count.py
2014-01-02 18:32:11 r11747 Python 2.7.3 Proofreading_Contest_Count.py
2014-01-02 18:40:01 r11747 Python 2.7.3 Proofreading_Contest_Count.py
2014-01-02 18:50:02 r11747 Python 2.7.3 Proofreading_Contest_Count.py
2014-01-02 19:00:01 r11747 Python 2.7.3 Proofreading_Contest_Count.py
2014-01-02 19:10:02 r11747 Python 2.7.3 Proofreading_Contest_Count.py
2014-01-02 19:20:02 r11747 Python 2.7.3 Proofreading_Contest_Count.py
2014-01-02 19:21:30 r11747 Python 2.7.3 Proofreading_Contest_Count.py
2014-01-02 19:23:56 r11747 Python 2.7.3 Proofreading_Contest_Count.py
2014-01-02 19:30:02 r11747 Python 2.7.3 Proofreading_Contest_Count.py
2014-01-02 19:40:01 r11747 Python 2.7.3 Proofreading_Contest_Count.py
2014-01-02 19:50:01 r11747 Python 2.7.3 Proofreading_Contest_Count.py
2014-01-02 20:00:02 r11747 Python 2.7.3 Proofreading_Contest_Count.py
2014-01-02 20:10:02 r11747 Python 2.7.3 Proofreading_Contest_Count.py
2014-01-02 20:20:02 r11747 Python 2.7.3 Proofreading_Contest_Count.py
2014-01-02 20:25:35 r11747 Python 2.7.3 Proofreading_Contest_Count.py
2014-01-02 20:30:02 r11747 Python 2.7.3 Proofreading_Contest_Count.py
2014-01-02 20:30:30 r11747 Python 2.7.3 Proofreading_Contest_Count.py
2014-01-02 20:33:31 r11747 Python 2.7.3 Proofreading_Contest_Count.py
2014-01-02 20:38:12 r11747 Python 2.7.3 Proofreading_Contest_Count.py
2014-01-02 20:40:01 r11747 Python 2.7.3 Proofreading_Contest_Count.py
2014-01-02 20:47:28 r11747 Python 2.7.3 Proofreading_Contest_Count.py
2014-01-02 20:50:01 r11747 Python 2.7.3 Proofreading_Contest_Count.py
2014-01-02 21:00:02 r11747 Python 2.7.3 Proofreading_Contest_Count.py
2014-01-02 21:10:01 r11747 Python 2.7.3 Proofreading_Contest_Count.py
2014-01-02 21:20:01 r11747 Python 2.7.3 Proofreading_Contest_Count.py
2014-01-02 21:30:01 r11747 Python 2.7.3 Proofreading_Contest_Count.py
2014-01-02 21:40:01 r11747 Python 2.7.3 Proofreading_Contest_Count.py
2014-01-02 21:50:02 r11747 Python 2.7.3 Proofreading_Contest_Count.py
2014-01-02 22:00:02 r11747 Python 2.7.3 Proofreading_Contest_Count.py
2014-01-02 22:10:04 r11747 Python 2.7.3 Proofreading_Contest_Count.py
2014-01-02 22:20:01 r11747 Python 2.7.3 Proofreading_Contest_Count.py
2014-01-02 22:30:01 r11747 Python 2.7.3 Proofreading_Contest_Count.py
2014-01-02 22:40:02 r11747 Python 2.7.3 Proofreading_Contest_Count.py
2014-01-02 22:50:01 r11747 Python 2.7.3 Proofreading_Contest_Count.py
2014-01-02 23:00:02 r11747 Python 2.7.3 Proofreading_Contest_Count.py
2014-01-02 23:04:23 r11747 Python 2.7.3 Proofreading_Contest_Count.py
2014-01-02 23:10:01 r11747 Python 2.7.3 Proofreading_Contest_Count.py
2014-01-02 23:18:25 r11747 Python 2.7.3 Proofreading_Contest_Count.py
2014-01-02 23:20:02 r11747 Python 2.7.3 Proofreading_Contest_Count.py
2014-01-02 23:20:55 r11747 Python 2.7.3 Proofreading_Contest_Count.py
2014-01-02 23:25:31 r11747 Python 2.7.3 Proofreading_Contest_Count.py
2014-01-02 23:29:36 r11747 Python 2.7.3 Proofreading_Contest_Count.py
2014-01-02 23:30:02 r11747 Python 2.7.3 Proofreading_Contest_Count.py
2014-01-02 23:40:01 r11747 Python 2.7.3 Proofreading_Contest_Count.py
2014-01-02 23:50:02 r11747 Python 2.7.3 Proofreading_Contest_Count.py
2014-01-03 00:00:02 r11747 Python 2.7.3 Proofreading_Contest_Count.py
2014-01-03 00:10:02 r11747 Python 2.7.3 Proofreading_Contest_Count.py
2014-01-03 00:20:02 r11747 Python 2.7.3 Proofreading_Contest_Count.py
2014-01-03 00:30:01 r11747 Python 2.7.3 Proofreading_Contest_Count.py
2014-01-03 00:40:02 r11747 Python 2.7.3 Proofreading_Contest_Count.py
2014-01-03 00:50:01 r11747 Python 2.7.3 Proofreading_Contest_Count.py
2014-01-03 01:00:01 r11747 Python 2.7.3 Proofreading_Contest_Count.py
2014-01-03 01:10:02 r11747 Python 2.7.3 Proofreading_Contest_Count.py
2014-01-03 01:20:01 r11747 Python 2.7.3 Proofreading_Contest_Count.py
2014-01-03 01:30:02 r11747 Python 2.7.3 Proofreading_Contest_Count.py
2014-01-03 01:40:02 r11747 Python 2.7.3 Proofreading_Contest_Count.py
2014-01-03 01:50:01 r11747 Python 2.7.3 Proofreading_Contest_Count.py
2014-01-03 02:00:02 r11747 Python 2.7.3 Proofreading_Contest_Count.py
2014-01-03 02:10:02 r11747 Python 2.7.3 Proofreading_Contest_Count.py
2014-01-03 02:20:02 r11747 Python 2.7.3 Proofreading_Contest_Count.py
2014-01-03 02:30:01 r11747 Python 2.7.3 Proofreading_Contest_Count.py
2014-01-03 02:40:01 r11747 Python 2.7.3 Proofreading_Contest_Count.py
2014-01-03 02:50:01 r11747 Python 2.7.3 Proofreading_Contest_Count.py
2014-01-03 03:00:01 r11747 Python 2.7.3 Proofreading_Contest_Count.py
2014-01-03 03:10:01 r11747 Python 2.7.3 Proofreading_Contest_Count.py
2014-01-03 03:20:01 r11747 Python 2.7.3 Proofreading_Contest_Count.py
2014-01-03 03:30:01 r11747 Python 2.7.3 Proofreading_Contest_Count.py
2014-01-03 03:40:01 r11747 Python 2.7.3 Proofreading_Contest_Count.py
2014-01-03 03:50:01 r11747 Python 2.7.3 Proofreading_Contest_Count.py
2014-01-03 04:00:01 r11747 Python 2.7.3 Proofreading_Contest_Count.py
2014-01-03 04:10:01 r11747 Python 2.7.3 Proofreading_Contest_Count.py
2014-01-03 04:20:02 r11747 Python 2.7.3 Proofreading_Contest_Count.py
2014-01-03 04:30:02 r11747 Python 2.7.3 Proofreading_Contest_Count.py
2014-01-03 04:40:01 r11747 Python 2.7.3 Proofreading_Contest_Count.py
2014-01-03 04:50:02 r11747 Python 2.7.3 Proofreading_Contest_Count.py
2014-01-03 05:00:01 r11747 Python 2.7.3 Proofreading_Contest_Count.py
2014-01-03 05:10:02 r11747 Python 2.7.3 Proofreading_Contest_Count.py
2014-01-03 05:20:02 r11747 Python 2.7.3 Proofreading_Contest_Count.py
2014-01-03 05:30:02 r11747 Python 2.7.3 Proofreading_Contest_Count.py
2014-01-03 05:40:01 r11747 Python 2.7.3 Proofreading_Contest_Count.py
2014-01-03 05:50:01 r11747 Python 2.7.3 Proofreading_Contest_Count.py
2014-01-03 06:00:01 r11747 Python 2.7.3 Proofreading_Contest_Count.py
2014-01-03 06:10:01 r11747 Python 2.7.3 Proofreading_Contest_Count.py
2014-01-03 06:20:02 r11747 Python 2.7.3 Proofreading_Contest_Count.py
2014-01-03 06:30:02 r11747 Python 2.7.3 Proofreading_Contest_Count.py
2014-01-03 06:40:02 r11747 Python 2.7.3 Proofreading_Contest_Count.py
2014-01-03 06:50:01 r11747 Python 2.7.3 Proofreading_Contest_Count.py
2014-01-03 07:00:01 r11747 Python 2.7.3 Proofreading_Contest_Count.py
2014-01-03 07:10:02 r11747 Python 2.7.3 Proofreading_Contest_Count.py
2014-01-03 07:20:01 r11747 Python 2.7.3 Proofreading_Contest_Count.py
2014-01-03 07:30:01 r11747 Python 2.7.3 Proofreading_Contest_Count.py
2014-01-03 07:40:02 r11747 Python 2.7.3 Proofreading_Contest_Count.py
2014-01-03 07:50:01 r11747 Python 2.7.3 Proofreading_Contest_Count.py
2014-01-03 08:00:02 r11747 Python 2.7.3 Proofreading_Contest_Count.py
2014-01-03 08:10:01 r11747 Python 2.7.3 Proofreading_Contest_Count.py
2014-01-03 08:20:01 r11747 Python 2.7.3 Proofreading_Contest_Count.py
2014-01-03 08:30:02 r11747 Python 2.7.3 Proofreading_Contest_Count.py
2014-01-03 08:40:01 r11747 Python 2.7.3 Proofreading_Contest_Count.py
2014-01-03 08:50:01 r11747 Python 2.7.3 Proofreading_Contest_Count.py
2014-01-03 09:00:02 r11747 Python 2.7.3 Proofreading_Contest_Count.py
2014-01-03 09:10:01 r11747 Python 2.7.3 Proofreading_Contest_Count.py
2014-01-03 09:20:02 r11747 Python 2.7.3 Proofreading_Contest_Count.py
2014-01-03 09:30:01 r11747 Python 2.7.3 Proofreading_Contest_Count.py
2014-01-03 09:40:01 r11747 Python 2.7.3 Proofreading_Contest_Count.py
2014-01-03 09:50:01 r11747 Python 2.7.3 Proofreading_Contest_Count.py
2014-01-03 10:00:02 r11747 Python 2.7.3 Proofreading_Contest_Count.py
2014-01-03 10:10:02 r11747 Python 2.7.3 Proofreading_Contest_Count.py
2014-01-03 10:20:02 r11747 Python 2.7.3 Proofreading_Contest_Count.py
2014-01-03 10:30:01 r11747 Python 2.7.3 Proofreading_Contest_Count.py
2014-01-03 10:40:02 r11747 Python 2.7.3 Proofreading_Contest_Count.py
2014-01-03 10:50:01 r11747 Python 2.7.3 Proofreading_Contest_Count.py
2014-01-03 11:00:02 r11747 Python 2.7.3 Proofreading_Contest_Count.py
2014-01-03 11:10:01 r11747 Python 2.7.3 Proofreading_Contest_Count.py
2014-01-03 11:20:02 r11747 Python 2.7.3 Proofreading_Contest_Count.py
2014-01-03 11:30:01 r11747 Python 2.7.3 Proofreading_Contest_Count.py
2014-01-03 11:40:02 r11747 Python 2.7.3 Proofreading_Contest_Count.py
2014-01-03 11:50:02 r11747 Python 2.7.3 Proofreading_Contest_Count.py
2014-01-03 12:00:02 r11747 Python 2.7.3 Proofreading_Contest_Count.py
2014-01-03 12:10:02 r11747 Python 2.7.3 Proofreading_Contest_Count.py
2014-01-03 12:20:01 r11747 Python 2.7.3 Proofreading_Contest_Count.py
2014-01-03 12:30:01 r11747 Python 2.7.3 Proofreading_Contest_Count.py
2014-01-03 12:40:01 r11747 Python 2.7.3 Proofreading_Contest_Count.py
2014-01-03 12:50:01 r11747 Python 2.7.3 Proofreading_Contest_Count.py
2014-01-03 13:00:02 r11747 Python 2.7.3 Proofreading_Contest_Count.py
2014-01-03 13:10:02 r11747 Python 2.7.3 Proofreading_Contest_Count.py
2014-01-03 13:20:02 r11747 Python 2.7.3 Proofreading_Contest_Count.py
2014-01-03 13:30:02 r11747 Python 2.7.3 Proofreading_Contest_Count.py
2014-01-03 13:40:01 r11747 Python 2.7.3 Proofreading_Contest_Count.py
2014-01-03 13:50:01 r11747 Python 2.7.3 Proofreading_Contest_Count.py
2014-01-03 14:00:02 r11747 Python 2.7.3 Proofreading_Contest_Count.py
2014-01-03 14:10:02 r11747 Python 2.7.3 Proofreading_Contest_Count.py
2014-01-03 14:20:02 r11747 Python 2.7.3 Proofreading_Contest_Count.py
2014-01-03 14:30:01 r11747 Python 2.7.3 Proofreading_Contest_Count.py
2014-01-03 14:40:01 r11747 Python 2.7.3 Proofreading_Contest_Count.py
2014-01-03 14:50:02 r11747 Python 2.7.3 Proofreading_Contest_Count.py
2014-01-03 15:00:02 r11747 Python 2.7.3 Proofreading_Contest_Count.py
2014-01-03 15:10:01 r11747 Python 2.7.3 Proofreading_Contest_Count.py
2014-01-03 15:20:02 r11747 Python 2.7.3 Proofreading_Contest_Count.py
2014-01-03 15:30:02 r11747 Python 2.7.3 Proofreading_Contest_Count.py
2014-01-03 15:40:01 r11747 Python 2.7.3 Proofreading_Contest_Count.py
2014-01-03 15:50:02 r11747 Python 2.7.3 Proofreading_Contest_Count.py
2014-01-03 16:00:01 r11747 Python 2.7.3 Proofreading_Contest_Count.py
2014-01-03 16:10:02 r11747 Python 2.7.3 Proofreading_Contest_Count.py
2014-01-03 16:20:02 r11747 Python 2.7.3 Proofreading_Contest_Count.py
2014-01-03 16:30:01 r11747 Python 2.7.3 Proofreading_Contest_Count.py
2014-01-03 16:40:01 r11747 Python 2.7.3 Proofreading_Contest_Count.py
2014-01-03 16:50:01 r11747 Python 2.7.3 Proofreading_Contest_Count.py
2014-01-03 17:00:02 r11747 Python 2.7.3 Proofreading_Contest_Count.py
2014-01-03 17:10:02 r11747 Python 2.7.3 Proofreading_Contest_Count.py
2014-01-03 17:20:02 r11747 Python 2.7.3 Proofreading_Contest_Count.py
2014-01-03 17:30:01 r11747 Python 2.7.3 Proofreading_Contest_Count.py
2014-01-03 17:40:01 r11747 Python 2.7.3 Proofreading_Contest_Count.py
2014-01-03 17:50:02 r11747 Python 2.7.3 Proofreading_Contest_Count.py
2014-01-03 18:00:02 r11747 Python 2.7.3 Proofreading_Contest_Count.py
2014-01-03 18:10:01 r11747 Python 2.7.3 Proofreading_Contest_Count.py
2014-01-03 18:20:01 r11747 Python 2.7.3 Proofreading_Contest_Count.py
2014-01-03 18:30:02 r11747 Python 2.7.3 Proofreading_Contest_Count.py
2014-01-03 18:39:26 r11747 Python 2.7.3 Proofreading_Contest_Count.py
2014-01-03 18:40:02 r11747 Python 2.7.3 Proofreading_Contest_Count.py
2014-01-03 18:50:01 r11747 Python 2.7.3 Proofreading_Contest_Count.py
2014-01-13 18:02:05 r11747 Python 2.7.3 latest.py
2014-01-13 18:09:20 r11747 Python 2.7.3 foo
2014-01-13 18:09:41 r11747 Python 2.7.3 latest.py
2014-01-13 18:12:48 r11747 Python 2.7.3 latest.py
