2014-01-10 14:30:02          catlib.py,  252 in     _parseCategory: INFO     Getting [[വർഗ്ഗം:DC2014Pages]] list...
2014-01-10 14:30:02        throttle.py,  257 in           __call__: INFO     Sleeping for 3.7 seconds, 2014-01-10 14:30:02
2014-01-10 14:30:07          catlib.py,  240 in     _parseCategory: INFO     Getting [[വർഗ്ഗം:DC2014Pages]] list from cmcontinue=page|4d414c4159414c414d204e45572054455354414d454e5420434f4d504c4554452047554e4445525420313836382e5044462f313037|25496...
2014-01-10 14:30:07        throttle.py,  257 in           __call__: INFO     Sleeping for 3.0 seconds, 2014-01-10 14:30:07
2014-01-10 14:30:11          catlib.py,  240 in     _parseCategory: INFO     Getting [[വർഗ്ഗം:DC2014Pages]] list from cmcontinue=page|5241532030322030332d3135304450492e444a56552f3330|24300...
2014-01-10 14:30:15          catlib.py,  240 in     _parseCategory: INFO     Getting [[വർഗ്ഗം:DC2014Pages]] list from cmcontinue=page|53554241445241524a4a414e414d20313930312e5044462f3733|25770...
2014-01-10 14:30:30        throttle.py,  257 in           __call__: INFO     Sleeping for 3.1 seconds, 2014-01-10 14:30:30
2014-01-10 14:30:34        throttle.py,  257 in           __call__: INFO     Sleeping for 3.1 seconds, 2014-01-10 14:30:34
2014-01-10 14:30:38        throttle.py,  257 in           __call__: INFO     Sleeping for 3.2 seconds, 2014-01-10 14:30:38
2014-01-10 14:30:42        throttle.py,  257 in           __call__: INFO     Sleeping for 3.1 seconds, 2014-01-10 14:30:42
2014-01-10 14:30:46        throttle.py,  257 in           __call__: INFO     Sleeping for 3.1 seconds, 2014-01-10 14:30:46
2014-01-10 14:30:50        throttle.py,  257 in           __call__: INFO     Sleeping for 3.1 seconds, 2014-01-10 14:30:50
2014-01-10 14:30:54        throttle.py,  257 in           __call__: INFO     Sleeping for 3.1 seconds, 2014-01-10 14:30:54
2014-01-10 14:30:58        throttle.py,  257 in           __call__: INFO     Sleeping for 3.1 seconds, 2014-01-10 14:30:58
2014-01-10 14:31:02        throttle.py,  257 in           __call__: INFO     Sleeping for 3.1 seconds, 2014-01-10 14:31:02
2014-01-10 14:31:06        throttle.py,  257 in           __call__: INFO     Sleeping for 3.1 seconds, 2014-01-10 14:31:06
2014-01-10 14:31:10        throttle.py,  257 in           __call__: INFO     Sleeping for 3.1 seconds, 2014-01-10 14:31:10
2014-01-10 14:31:14        throttle.py,  257 in           __call__: INFO     Sleeping for 3.2 seconds, 2014-01-10 14:31:14
2014-01-10 14:31:18        throttle.py,  257 in           __call__: INFO     Sleeping for 3.1 seconds, 2014-01-10 14:31:18
2014-01-10 14:31:22        throttle.py,  257 in           __call__: INFO     Sleeping for 3.1 seconds, 2014-01-10 14:31:22
2014-01-10 14:31:26        throttle.py,  257 in           __call__: INFO     Sleeping for 3.1 seconds, 2014-01-10 14:31:26
2014-01-10 14:31:30        throttle.py,  257 in           __call__: INFO     Sleeping for 3.1 seconds, 2014-01-10 14:31:30
2014-01-10 14:31:34        throttle.py,  257 in           __call__: INFO     Sleeping for 3.1 seconds, 2014-01-10 14:31:34
2014-01-10 14:31:38        throttle.py,  257 in           __call__: INFO     Sleeping for 3.1 seconds, 2014-01-10 14:31:38
2014-01-10 14:31:42        throttle.py,  257 in           __call__: INFO     Sleeping for 3.2 seconds, 2014-01-10 14:31:42
2014-01-10 14:31:46        throttle.py,  257 in           __call__: INFO     Sleeping for 3.1 seconds, 2014-01-10 14:31:46
2014-01-10 14:31:50        throttle.py,  257 in           __call__: INFO     Sleeping for 3.1 seconds, 2014-01-10 14:31:50
2014-01-10 14:31:54        throttle.py,  257 in           __call__: INFO     Sleeping for 3.1 seconds, 2014-01-10 14:31:54
2014-01-10 14:31:58        throttle.py,  257 in           __call__: INFO     Sleeping for 3.2 seconds, 2014-01-10 14:31:58
2014-01-10 14:32:02        throttle.py,  257 in           __call__: INFO     Sleeping for 3.2 seconds, 2014-01-10 14:32:02
2014-01-10 14:32:06        throttle.py,  257 in           __call__: INFO     Sleeping for 3.1 seconds, 2014-01-10 14:32:06
2014-01-10 14:32:10        throttle.py,  257 in           __call__: INFO     Sleeping for 3.1 seconds, 2014-01-10 14:32:10
2014-01-10 14:32:14        throttle.py,  257 in           __call__: INFO     Sleeping for 3.1 seconds, 2014-01-10 14:32:14
2014-01-10 14:32:18        throttle.py,  257 in           __call__: INFO     Sleeping for 3.1 seconds, 2014-01-10 14:32:18
2014-01-10 14:32:22        throttle.py,  257 in           __call__: INFO     Sleeping for 3.1 seconds, 2014-01-10 14:32:22
2014-01-10 14:32:26        throttle.py,  257 in           __call__: INFO     Sleeping for 3.2 seconds, 2014-01-10 14:32:26
2014-01-10 14:32:30        throttle.py,  257 in           __call__: INFO     Sleeping for 3.1 seconds, 2014-01-10 14:32:30
2014-01-10 14:32:34        throttle.py,  257 in           __call__: INFO     Sleeping for 3.1 seconds, 2014-01-10 14:32:34
2014-01-10 14:32:38        throttle.py,  257 in           __call__: INFO     Sleeping for 3.1 seconds, 2014-01-10 14:32:38
2014-01-10 14:32:42        throttle.py,  257 in           __call__: INFO     Sleeping for 3.1 seconds, 2014-01-10 14:32:42
2014-01-10 14:32:46        throttle.py,  257 in           __call__: INFO     Sleeping for 3.1 seconds, 2014-01-10 14:32:46
2014-01-10 14:32:50        throttle.py,  257 in           __call__: INFO     Sleeping for 3.1 seconds, 2014-01-10 14:32:50
2014-01-10 14:32:54        throttle.py,  257 in           __call__: INFO     Sleeping for 3.2 seconds, 2014-01-10 14:32:54
2014-01-10 14:32:58        throttle.py,  257 in           __call__: INFO     Sleeping for 3.1 seconds, 2014-01-10 14:32:58
2014-01-10 14:33:02        throttle.py,  257 in           __call__: INFO     Sleeping for 3.1 seconds, 2014-01-10 14:33:02
2014-01-10 14:33:06        throttle.py,  257 in           __call__: INFO     Sleeping for 3.1 seconds, 2014-01-10 14:33:06
2014-01-10 14:33:10        throttle.py,  257 in           __call__: INFO     Sleeping for 3.1 seconds, 2014-01-10 14:33:10
2014-01-10 14:33:26        throttle.py,  257 in           __call__: INFO     Sleeping for 3.2 seconds, 2014-01-10 14:33:26
2014-01-10 14:33:41        throttle.py,  257 in           __call__: INFO     Sleeping for 3.1 seconds, 2014-01-10 14:33:41
2014-01-10 14:34:05        throttle.py,  257 in           __call__: INFO     Sleeping for 3.1 seconds, 2014-01-10 14:34:05
2014-01-10 14:34:21        throttle.py,  257 in           __call__: INFO     Sleeping for 3.1 seconds, 2014-01-10 14:34:21
2014-01-10 14:34:37        throttle.py,  257 in           __call__: INFO     Sleeping for 3.1 seconds, 2014-01-10 14:34:37
2014-01-10 14:34:52        throttle.py,  257 in           __call__: INFO     Sleeping for 3.2 seconds, 2014-01-10 14:34:52
2014-01-10 14:35:08        throttle.py,  257 in           __call__: INFO     Sleeping for 3.1 seconds, 2014-01-10 14:35:08
2014-01-10 14:35:22        throttle.py,  257 in           __call__: INFO     Sleeping for 3.1 seconds, 2014-01-10 14:35:22
2014-01-10 14:35:26        throttle.py,  257 in           __call__: INFO     Sleeping for 3.1 seconds, 2014-01-10 14:35:26
2014-01-10 14:35:30        throttle.py,  257 in           __call__: INFO     Sleeping for 3.1 seconds, 2014-01-10 14:35:30
2014-01-10 14:35:34        throttle.py,  257 in           __call__: INFO     Sleeping for 3.2 seconds, 2014-01-10 14:35:34
2014-01-10 14:35:38        throttle.py,  257 in           __call__: INFO     Sleeping for 3.1 seconds, 2014-01-10 14:35:38
2014-01-10 14:35:42        throttle.py,  257 in           __call__: INFO     Sleeping for 3.2 seconds, 2014-01-10 14:35:42
2014-01-10 14:35:46        throttle.py,  257 in           __call__: INFO     Sleeping for 3.1 seconds, 2014-01-10 14:35:46
2014-01-10 14:35:50        throttle.py,  257 in           __call__: INFO     Sleeping for 3.1 seconds, 2014-01-10 14:35:50
2014-01-10 14:35:54        throttle.py,  257 in           __call__: INFO     Sleeping for 3.1 seconds, 2014-01-10 14:35:54
2014-01-10 14:35:58        throttle.py,  257 in           __call__: INFO     Sleeping for 3.1 seconds, 2014-01-10 14:35:58
2014-01-10 14:36:02        throttle.py,  257 in           __call__: INFO     Sleeping for 3.1 seconds, 2014-01-10 14:36:02
2014-01-10 15:00:21        throttle.py,  257 in           __call__: INFO     Sleeping for 3.1 seconds, 2014-01-10 15:00:21
2014-01-10 15:00:25        throttle.py,  257 in           __call__: INFO     Sleeping for 3.2 seconds, 2014-01-10 15:00:25
2014-01-10 15:00:29        throttle.py,  257 in           __call__: INFO     Sleeping for 3.1 seconds, 2014-01-10 15:00:29
2014-01-10 15:00:33        throttle.py,  257 in           __call__: INFO     Sleeping for 3.1 seconds, 2014-01-10 15:00:33
2014-01-10 15:00:37        throttle.py,  257 in           __call__: INFO     Sleeping for 3.2 seconds, 2014-01-10 15:00:37
2014-01-10 15:00:41        throttle.py,  257 in           __call__: INFO     Sleeping for 3.1 seconds, 2014-01-10 15:00:41
2014-01-10 15:00:45        throttle.py,  257 in           __call__: INFO     Sleeping for 3.2 seconds, 2014-01-10 15:00:45
2014-01-10 15:00:49        throttle.py,  257 in           __call__: INFO     Sleeping for 3.2 seconds, 2014-01-10 15:00:49
2014-01-10 15:00:53        throttle.py,  257 in           __call__: INFO     Sleeping for 3.1 seconds, 2014-01-10 15:00:53
2014-01-10 15:00:57        throttle.py,  257 in           __call__: INFO     Sleeping for 3.1 seconds, 2014-01-10 15:00:57
2014-01-10 15:01:01        throttle.py,  257 in           __call__: INFO     Sleeping for 3.1 seconds, 2014-01-10 15:01:01
2014-01-10 15:01:06        throttle.py,  257 in           __call__: INFO     Sleeping for 3.1 seconds, 2014-01-10 15:01:06
2014-01-10 15:01:10        throttle.py,  257 in           __call__: INFO     Sleeping for 3.1 seconds, 2014-01-10 15:01:10
2014-01-10 15:01:14        throttle.py,  257 in           __call__: INFO     Sleeping for 3.1 seconds, 2014-01-10 15:01:14
2014-01-10 15:01:17        throttle.py,  257 in           __call__: INFO     Sleeping for 3.2 seconds, 2014-01-10 15:01:17
2014-01-10 15:01:22        throttle.py,  257 in           __call__: INFO     Sleeping for 3.1 seconds, 2014-01-10 15:01:22
2014-01-10 15:01:26        throttle.py,  257 in           __call__: INFO     Sleeping for 3.1 seconds, 2014-01-10 15:01:26
2014-01-10 15:01:30        throttle.py,  257 in           __call__: INFO     Sleeping for 3.1 seconds, 2014-01-10 15:01:30
2014-01-10 15:01:34        throttle.py,  257 in           __call__: INFO     Sleeping for 3.1 seconds, 2014-01-10 15:01:34
2014-01-10 15:01:38        throttle.py,  257 in           __call__: INFO     Sleeping for 3.1 seconds, 2014-01-10 15:01:38
2014-01-10 15:01:42        throttle.py,  257 in           __call__: INFO     Sleeping for 3.1 seconds, 2014-01-10 15:01:42
2014-01-10 15:01:46        throttle.py,  257 in           __call__: INFO     Sleeping for 3.1 seconds, 2014-01-10 15:01:46
2014-01-10 15:01:50        throttle.py,  257 in           __call__: INFO     Sleeping for 3.1 seconds, 2014-01-10 15:01:50
2014-01-10 15:01:54        throttle.py,  257 in           __call__: INFO     Sleeping for 3.1 seconds, 2014-01-10 15:01:54
2014-01-10 15:01:58        throttle.py,  257 in           __call__: INFO     Sleeping for 3.1 seconds, 2014-01-10 15:01:58
2014-01-10 15:02:02        throttle.py,  257 in           __call__: INFO     Sleeping for 3.1 seconds, 2014-01-10 15:02:02
2014-01-10 15:02:06        throttle.py,  257 in           __call__: INFO     Sleeping for 3.1 seconds, 2014-01-10 15:02:06
2014-01-10 15:02:10        throttle.py,  257 in           __call__: INFO     Sleeping for 3.1 seconds, 2014-01-10 15:02:10
2014-01-10 15:02:14        throttle.py,  257 in           __call__: INFO     Sleeping for 3.1 seconds, 2014-01-10 15:02:14
2014-01-10 15:02:18        throttle.py,  257 in           __call__: INFO     Sleeping for 3.2 seconds, 2014-01-10 15:02:18
2014-01-10 15:02:22        throttle.py,  257 in           __call__: INFO     Sleeping for 3.1 seconds, 2014-01-10 15:02:22
2014-01-10 15:02:26        throttle.py,  257 in           __call__: INFO     Sleeping for 3.1 seconds, 2014-01-10 15:02:26
2014-01-10 15:02:30        throttle.py,  257 in           __call__: INFO     Sleeping for 3.1 seconds, 2014-01-10 15:02:30
2014-01-10 15:02:34        throttle.py,  257 in           __call__: INFO     Sleeping for 3.1 seconds, 2014-01-10 15:02:34
2014-01-10 15:02:38        throttle.py,  257 in           __call__: INFO     Sleeping for 3.1 seconds, 2014-01-10 15:02:38
2014-01-10 15:02:42        throttle.py,  257 in           __call__: INFO     Sleeping for 3.1 seconds, 2014-01-10 15:02:42
2014-01-10 15:02:46        throttle.py,  257 in           __call__: INFO     Sleeping for 3.1 seconds, 2014-01-10 15:02:46
2014-01-10 15:02:50        throttle.py,  257 in           __call__: INFO     Sleeping for 3.1 seconds, 2014-01-10 15:02:50
2014-01-10 15:02:54        throttle.py,  257 in           __call__: INFO     Sleeping for 3.1 seconds, 2014-01-10 15:02:54
2014-01-10 15:02:58        throttle.py,  257 in           __call__: INFO     Sleeping for 3.1 seconds, 2014-01-10 15:02:58
2014-01-10 15:03:02        throttle.py,  257 in           __call__: INFO     Sleeping for 3.1 seconds, 2014-01-10 15:03:02
2014-01-10 15:03:06        throttle.py,  257 in           __call__: INFO     Sleeping for 3.1 seconds, 2014-01-10 15:03:06
2014-01-10 15:03:10        throttle.py,  257 in           __call__: INFO     Sleeping for 3.1 seconds, 2014-01-10 15:03:10
2014-01-10 15:03:14        throttle.py,  257 in           __call__: INFO     Sleeping for 3.1 seconds, 2014-01-10 15:03:14
2014-01-10 15:03:18        throttle.py,  257 in           __call__: INFO     Sleeping for 3.1 seconds, 2014-01-10 15:03:18
2014-01-10 15:03:22        throttle.py,  257 in           __call__: INFO     Sleeping for 3.1 seconds, 2014-01-10 15:03:22
2014-01-10 15:03:26        throttle.py,  257 in           __call__: INFO     Sleeping for 3.1 seconds, 2014-01-10 15:03:26
2014-01-10 15:03:30        throttle.py,  257 in           __call__: INFO     Sleeping for 3.1 seconds, 2014-01-10 15:03:30
2014-01-10 15:03:34        throttle.py,  257 in           __call__: INFO     Sleeping for 3.1 seconds, 2014-01-10 15:03:34
2014-01-10 15:03:38        throttle.py,  257 in           __call__: INFO     Sleeping for 3.2 seconds, 2014-01-10 15:03:38
2014-01-10 15:03:42        throttle.py,  257 in           __call__: INFO     Sleeping for 3.1 seconds, 2014-01-10 15:03:42
2014-01-10 15:03:46        throttle.py,  257 in           __call__: INFO     Sleeping for 3.1 seconds, 2014-01-10 15:03:46
2014-01-10 15:03:50        throttle.py,  257 in           __call__: INFO     Sleeping for 3.1 seconds, 2014-01-10 15:03:50
2014-01-10 15:03:54        throttle.py,  257 in           __call__: INFO     Sleeping for 3.1 seconds, 2014-01-10 15:03:54
2014-01-10 15:03:58        throttle.py,  257 in           __call__: INFO     Sleeping for 3.1 seconds, 2014-01-10 15:03:58
2014-01-10 15:04:02        throttle.py,  257 in           __call__: INFO     Sleeping for 3.1 seconds, 2014-01-10 15:04:02
2014-01-10 15:04:06        throttle.py,  257 in           __call__: INFO     Sleeping for 3.2 seconds, 2014-01-10 15:04:06
2014-01-10 15:04:10        throttle.py,  257 in           __call__: INFO     Sleeping for 3.1 seconds, 2014-01-10 15:04:10
2014-01-10 15:04:14        throttle.py,  257 in           __call__: INFO     Sleeping for 3.1 seconds, 2014-01-10 15:04:14
2014-01-10 15:04:18        throttle.py,  257 in           __call__: INFO     Sleeping for 3.1 seconds, 2014-01-10 15:04:18
2014-01-10 15:04:22        throttle.py,  257 in           __call__: INFO     Sleeping for 3.1 seconds, 2014-01-10 15:04:22
2014-01-10 15:04:26        throttle.py,  257 in           __call__: INFO     Sleeping for 3.1 seconds, 2014-01-10 15:04:26
2014-01-10 15:04:30        throttle.py,  257 in           __call__: INFO     Sleeping for 3.1 seconds, 2014-01-10 15:04:30
2014-01-10 15:04:34        throttle.py,  257 in           __call__: INFO     Sleeping for 3.1 seconds, 2014-01-10 15:04:34
2014-01-10 15:04:38        throttle.py,  257 in           __call__: INFO     Sleeping for 3.2 seconds, 2014-01-10 15:04:38
2014-01-10 15:04:42        throttle.py,  257 in           __call__: INFO     Sleeping for 3.1 seconds, 2014-01-10 15:04:42
2014-01-10 15:04:46        throttle.py,  257 in           __call__: INFO     Sleeping for 3.1 seconds, 2014-01-10 15:04:46
2014-01-10 15:04:50        throttle.py,  257 in           __call__: INFO     Sleeping for 3.2 seconds, 2014-01-10 15:04:50
2014-01-10 15:04:54        throttle.py,  257 in           __call__: INFO     Sleeping for 3.2 seconds, 2014-01-10 15:04:54
2014-01-10 15:04:58        throttle.py,  257 in           __call__: INFO     Sleeping for 3.1 seconds, 2014-01-10 15:04:58
2014-01-10 15:05:02        throttle.py,  257 in           __call__: INFO     Sleeping for 3.1 seconds, 2014-01-10 15:05:02
2014-01-10 15:05:06        throttle.py,  257 in           __call__: INFO     Sleeping for 3.2 seconds, 2014-01-10 15:05:06
2014-01-10 15:05:10        throttle.py,  257 in           __call__: INFO     Sleeping for 3.1 seconds, 2014-01-10 15:05:10
2014-01-10 15:05:14        throttle.py,  257 in           __call__: INFO     Sleeping for 3.1 seconds, 2014-01-10 15:05:14
2014-01-10 15:05:18        throttle.py,  257 in           __call__: INFO     Sleeping for 3.1 seconds, 2014-01-10 15:05:18
2014-01-10 15:05:22        throttle.py,  257 in           __call__: INFO     Sleeping for 3.2 seconds, 2014-01-10 15:05:22
2014-01-10 15:05:26        throttle.py,  257 in           __call__: INFO     Sleeping for 3.1 seconds, 2014-01-10 15:05:26
2014-01-10 15:05:30        throttle.py,  257 in           __call__: INFO     Sleeping for 3.2 seconds, 2014-01-10 15:05:30
2014-01-10 15:05:34        throttle.py,  257 in           __call__: INFO     Sleeping for 3.1 seconds, 2014-01-10 15:05:34
2014-01-10 15:05:38        throttle.py,  257 in           __call__: INFO     Sleeping for 3.1 seconds, 2014-01-10 15:05:38
2014-01-10 15:05:42        throttle.py,  257 in           __call__: INFO     Sleeping for 3.1 seconds, 2014-01-10 15:05:42
2014-01-10 15:05:46        throttle.py,  257 in           __call__: INFO     Sleeping for 3.1 seconds, 2014-01-10 15:05:46
2014-01-10 15:05:50        throttle.py,  257 in           __call__: INFO     Sleeping for 3.1 seconds, 2014-01-10 15:05:50
2014-01-10 15:05:54        throttle.py,  257 in           __call__: INFO     Sleeping for 3.2 seconds, 2014-01-10 15:05:54
2014-01-10 15:05:58        throttle.py,  257 in           __call__: INFO     Sleeping for 3.1 seconds, 2014-01-10 15:05:58
2014-01-10 15:06:02        throttle.py,  257 in           __call__: INFO     Sleeping for 3.1 seconds, 2014-01-10 15:06:02
2014-01-10 15:06:06        throttle.py,  257 in           __call__: INFO     Sleeping for 3.1 seconds, 2014-01-10 15:06:06
2014-01-10 15:06:10        throttle.py,  257 in           __call__: INFO     Sleeping for 3.2 seconds, 2014-01-10 15:06:10
2014-01-10 15:06:14        throttle.py,  257 in           __call__: INFO     Sleeping for 3.1 seconds, 2014-01-10 15:06:14
2014-01-10 15:06:18        throttle.py,  257 in           __call__: INFO     Sleeping for 3.2 seconds, 2014-01-10 15:06:18
2014-01-10 15:30:39        throttle.py,  257 in           __call__: INFO     Sleeping for 3.1 seconds, 2014-01-10 15:30:39
2014-01-10 15:30:43        throttle.py,  257 in           __call__: INFO     Sleeping for 3.1 seconds, 2014-01-10 15:30:43
2014-01-10 15:30:47        throttle.py,  257 in           __call__: INFO     Sleeping for 3.1 seconds, 2014-01-10 15:30:47
2014-01-10 15:30:51        throttle.py,  257 in           __call__: INFO     Sleeping for 3.1 seconds, 2014-01-10 15:30:51
2014-01-10 15:30:55        throttle.py,  257 in           __call__: INFO     Sleeping for 3.1 seconds, 2014-01-10 15:30:55
2014-01-10 15:30:59        throttle.py,  257 in           __call__: INFO     Sleeping for 3.1 seconds, 2014-01-10 15:30:59
2014-01-10 15:31:03        throttle.py,  257 in           __call__: INFO     Sleeping for 3.2 seconds, 2014-01-10 15:31:03
2014-01-10 15:31:07        throttle.py,  257 in           __call__: INFO     Sleeping for 3.1 seconds, 2014-01-10 15:31:07
2014-01-10 15:31:11        throttle.py,  257 in           __call__: INFO     Sleeping for 3.1 seconds, 2014-01-10 15:31:11
2014-01-10 15:31:15        throttle.py,  257 in           __call__: INFO     Sleeping for 3.1 seconds, 2014-01-10 15:31:15
2014-01-10 15:31:19        throttle.py,  257 in           __call__: INFO     Sleeping for 3.1 seconds, 2014-01-10 15:31:19
2014-01-10 15:31:27        throttle.py,  257 in           __call__: INFO     Sleeping for 3.2 seconds, 2014-01-10 15:31:27
2014-01-10 15:31:31        throttle.py,  257 in           __call__: INFO     Sleeping for 3.1 seconds, 2014-01-10 15:31:31
2014-01-10 15:31:35        throttle.py,  257 in           __call__: INFO     Sleeping for 3.1 seconds, 2014-01-10 15:31:35
2014-01-10 15:31:39        throttle.py,  257 in           __call__: INFO     Sleeping for 3.1 seconds, 2014-01-10 15:31:39
2014-01-10 15:31:43        throttle.py,  257 in           __call__: INFO     Sleeping for 3.2 seconds, 2014-01-10 15:31:43
2014-01-10 15:31:47        throttle.py,  257 in           __call__: INFO     Sleeping for 3.2 seconds, 2014-01-10 15:31:47
2014-01-10 15:31:51        throttle.py,  257 in           __call__: INFO     Sleeping for 3.2 seconds, 2014-01-10 15:31:51
2014-01-10 15:31:55        throttle.py,  257 in           __call__: INFO     Sleeping for 3.1 seconds, 2014-01-10 15:31:55
2014-01-10 15:31:59        throttle.py,  257 in           __call__: INFO     Sleeping for 3.1 seconds, 2014-01-10 15:31:59
2014-01-10 15:32:03        throttle.py,  257 in           __call__: INFO     Sleeping for 3.1 seconds, 2014-01-10 15:32:03
2014-01-10 15:32:07        throttle.py,  257 in           __call__: INFO     Sleeping for 3.1 seconds, 2014-01-10 15:32:07
2014-01-10 15:32:11        throttle.py,  257 in           __call__: INFO     Sleeping for 3.2 seconds, 2014-01-10 15:32:11
2014-01-10 15:32:19        throttle.py,  257 in           __call__: INFO     Sleeping for 3.0 seconds, 2014-01-10 15:32:19
2014-01-10 15:32:23        throttle.py,  257 in           __call__: INFO     Sleeping for 3.1 seconds, 2014-01-10 15:32:23
2014-01-10 15:32:27        throttle.py,  257 in           __call__: INFO     Sleeping for 3.2 seconds, 2014-01-10 15:32:27
2014-01-10 15:32:31        throttle.py,  257 in           __call__: INFO     Sleeping for 3.2 seconds, 2014-01-10 15:32:31
2014-01-10 15:32:35        throttle.py,  257 in           __call__: INFO     Sleeping for 3.1 seconds, 2014-01-10 15:32:35
2014-01-10 15:32:39        throttle.py,  257 in           __call__: INFO     Sleeping for 3.1 seconds, 2014-01-10 15:32:39
2014-01-10 15:32:43        throttle.py,  257 in           __call__: INFO     Sleeping for 3.2 seconds, 2014-01-10 15:32:43
2014-01-10 15:32:47        throttle.py,  257 in           __call__: INFO     Sleeping for 3.2 seconds, 2014-01-10 15:32:47
2014-01-10 15:32:51        throttle.py,  257 in           __call__: INFO     Sleeping for 3.1 seconds, 2014-01-10 15:32:51
2014-01-10 15:32:55        throttle.py,  257 in           __call__: INFO     Sleeping for 3.1 seconds, 2014-01-10 15:32:55
2014-01-10 15:32:59        throttle.py,  257 in           __call__: INFO     Sleeping for 3.1 seconds, 2014-01-10 15:32:59
2014-01-10 15:33:03        throttle.py,  257 in           __call__: INFO     Sleeping for 3.1 seconds, 2014-01-10 15:33:03
2014-01-10 15:33:07        throttle.py,  257 in           __call__: INFO     Sleeping for 3.1 seconds, 2014-01-10 15:33:07
2014-01-10 15:33:11        throttle.py,  257 in           __call__: INFO     Sleeping for 3.1 seconds, 2014-01-10 15:33:11
2014-01-10 15:33:15        throttle.py,  257 in           __call__: INFO     Sleeping for 3.1 seconds, 2014-01-10 15:33:15
2014-01-10 15:33:19        throttle.py,  257 in           __call__: INFO     Sleeping for 3.1 seconds, 2014-01-10 15:33:19
2014-01-10 15:33:23        throttle.py,  257 in           __call__: INFO     Sleeping for 3.1 seconds, 2014-01-10 15:33:23
2014-01-10 15:33:27        throttle.py,  257 in           __call__: INFO     Sleeping for 3.2 seconds, 2014-01-10 15:33:27
2014-01-10 15:33:31        throttle.py,  257 in           __call__: INFO     Sleeping for 3.1 seconds, 2014-01-10 15:33:31
2014-01-10 15:33:35        throttle.py,  257 in           __call__: INFO     Sleeping for 3.1 seconds, 2014-01-10 15:33:35
2014-01-10 15:33:39        throttle.py,  257 in           __call__: INFO     Sleeping for 3.1 seconds, 2014-01-10 15:33:39
2014-01-10 15:33:43        throttle.py,  257 in           __call__: INFO     Sleeping for 3.1 seconds, 2014-01-10 15:33:43
2014-01-10 15:33:47        throttle.py,  257 in           __call__: INFO     Sleeping for 3.2 seconds, 2014-01-10 15:33:47
2014-01-10 15:33:51        throttle.py,  257 in           __call__: INFO     Sleeping for 3.1 seconds, 2014-01-10 15:33:51
2014-01-10 15:33:55        throttle.py,  257 in           __call__: INFO     Sleeping for 3.1 seconds, 2014-01-10 15:33:55
2014-01-10 15:33:59        throttle.py,  257 in           __call__: INFO     Sleeping for 3.1 seconds, 2014-01-10 15:33:59
2014-01-10 15:34:03        throttle.py,  257 in           __call__: INFO     Sleeping for 3.1 seconds, 2014-01-10 15:34:03
2014-01-10 15:34:07        throttle.py,  257 in           __call__: INFO     Sleeping for 3.1 seconds, 2014-01-10 15:34:07
2014-01-10 15:34:11        throttle.py,  257 in           __call__: INFO     Sleeping for 3.1 seconds, 2014-01-10 15:34:11
2014-01-10 15:34:15        throttle.py,  257 in           __call__: INFO     Sleeping for 3.2 seconds, 2014-01-10 15:34:15
2014-01-10 15:34:19        throttle.py,  257 in           __call__: INFO     Sleeping for 3.2 seconds, 2014-01-10 15:34:19
2014-01-10 15:34:23        throttle.py,  257 in           __call__: INFO     Sleeping for 3.1 seconds, 2014-01-10 15:34:23
2014-01-10 15:34:27        throttle.py,  257 in           __call__: INFO     Sleeping for 3.1 seconds, 2014-01-10 15:34:27
2014-01-10 15:34:31        throttle.py,  257 in           __call__: INFO     Sleeping for 3.1 seconds, 2014-01-10 15:34:31
2014-01-10 15:34:39        throttle.py,  257 in           __call__: INFO     Sleeping for 3.1 seconds, 2014-01-10 15:34:39
2014-01-10 15:34:43        throttle.py,  257 in           __call__: INFO     Sleeping for 3.1 seconds, 2014-01-10 15:34:43
2014-01-10 15:34:47        throttle.py,  257 in           __call__: INFO     Sleeping for 3.1 seconds, 2014-01-10 15:34:47
2014-01-10 15:34:51        throttle.py,  257 in           __call__: INFO     Sleeping for 3.0 seconds, 2014-01-10 15:34:51
2014-01-10 15:34:55        throttle.py,  257 in           __call__: INFO     Sleeping for 3.1 seconds, 2014-01-10 15:34:55
2014-01-10 15:34:59        throttle.py,  257 in           __call__: INFO     Sleeping for 3.1 seconds, 2014-01-10 15:34:59
2014-01-10 15:35:03        throttle.py,  257 in           __call__: INFO     Sleeping for 3.1 seconds, 2014-01-10 15:35:03
2014-01-10 15:35:07        throttle.py,  257 in           __call__: INFO     Sleeping for 3.1 seconds, 2014-01-10 15:35:07
2014-01-10 15:35:11        throttle.py,  257 in           __call__: INFO     Sleeping for 3.1 seconds, 2014-01-10 15:35:11
2014-01-10 15:35:15        throttle.py,  257 in           __call__: INFO     Sleeping for 3.1 seconds, 2014-01-10 15:35:15
2014-01-10 15:35:19        throttle.py,  257 in           __call__: INFO     Sleeping for 3.1 seconds, 2014-01-10 15:35:19
2014-01-10 15:35:27        throttle.py,  257 in           __call__: INFO     Sleeping for 3.1 seconds, 2014-01-10 15:35:27
2014-01-10 15:35:31        throttle.py,  257 in           __call__: INFO     Sleeping for 3.1 seconds, 2014-01-10 15:35:31
2014-01-10 15:35:35        throttle.py,  257 in           __call__: INFO     Sleeping for 3.2 seconds, 2014-01-10 15:35:35
2014-01-10 15:35:39        throttle.py,  257 in           __call__: INFO     Sleeping for 3.2 seconds, 2014-01-10 15:35:39
2014-01-10 15:35:43        throttle.py,  257 in           __call__: INFO     Sleeping for 3.0 seconds, 2014-01-10 15:35:43
2014-01-10 15:35:47        throttle.py,  257 in           __call__: INFO     Sleeping for 3.1 seconds, 2014-01-10 15:35:47
2014-01-10 15:35:51        throttle.py,  257 in           __call__: INFO     Sleeping for 3.1 seconds, 2014-01-10 15:35:51
2014-01-10 15:35:55        throttle.py,  257 in           __call__: INFO     Sleeping for 3.1 seconds, 2014-01-10 15:35:55
2014-01-10 15:35:59        throttle.py,  257 in           __call__: INFO     Sleeping for 3.1 seconds, 2014-01-10 15:35:59
2014-01-10 15:36:03        throttle.py,  257 in           __call__: INFO     Sleeping for 3.1 seconds, 2014-01-10 15:36:03
2014-01-10 15:36:07        throttle.py,  257 in           __call__: INFO     Sleeping for 3.1 seconds, 2014-01-10 15:36:07
2014-01-10 15:36:11        throttle.py,  257 in           __call__: INFO     Sleeping for 3.1 seconds, 2014-01-10 15:36:11
2014-01-10 15:36:15        throttle.py,  257 in           __call__: INFO     Sleeping for 3.1 seconds, 2014-01-10 15:36:15
2014-01-10 15:36:19        throttle.py,  257 in           __call__: INFO     Sleeping for 3.1 seconds, 2014-01-10 15:36:19
2014-01-10 15:36:23        throttle.py,  257 in           __call__: INFO     Sleeping for 3.1 seconds, 2014-01-10 15:36:23
2014-01-10 15:36:27        throttle.py,  257 in           __call__: INFO     Sleeping for 3.1 seconds, 2014-01-10 15:36:27
2014-01-10 15:36:31        throttle.py,  257 in           __call__: INFO     Sleeping for 3.1 seconds, 2014-01-10 15:36:31
2014-01-10 15:36:35        throttle.py,  257 in           __call__: INFO     Sleeping for 3.1 seconds, 2014-01-10 15:36:35
2014-01-10 15:36:39        throttle.py,  257 in           __call__: INFO     Sleeping for 3.1 seconds, 2014-01-10 15:36:39
2014-01-10 15:36:43        throttle.py,  257 in           __call__: INFO     Sleeping for 3.1 seconds, 2014-01-10 15:36:43
2014-01-10 15:36:47        throttle.py,  257 in           __call__: INFO     Sleeping for 3.2 seconds, 2014-01-10 15:36:47
2014-01-10 15:36:51        throttle.py,  257 in           __call__: INFO     Sleeping for 3.1 seconds, 2014-01-10 15:36:51
2014-01-10 15:36:55        throttle.py,  257 in           __call__: INFO     Sleeping for 3.1 seconds, 2014-01-10 15:36:55
2014-01-10 15:36:59        throttle.py,  257 in           __call__: INFO     Sleeping for 3.1 seconds, 2014-01-10 15:36:59
2014-01-10 15:37:03        throttle.py,  257 in           __call__: INFO     Sleeping for 3.1 seconds, 2014-01-10 15:37:03
2014-01-10 15:37:07        throttle.py,  257 in           __call__: INFO     Sleeping for 3.1 seconds, 2014-01-10 15:37:07
2014-01-10 15:37:11        throttle.py,  257 in           __call__: INFO     Sleeping for 3.1 seconds, 2014-01-10 15:37:11
2014-01-10 15:37:15        throttle.py,  257 in           __call__: INFO     Sleeping for 3.1 seconds, 2014-01-10 15:37:15
2014-01-10 15:37:19        throttle.py,  257 in           __call__: INFO     Sleeping for 3.1 seconds, 2014-01-10 15:37:19
2014-01-10 15:37:23        throttle.py,  257 in           __call__: INFO     Sleeping for 3.1 seconds, 2014-01-10 15:37:23
2014-01-10 15:37:27        throttle.py,  257 in           __call__: INFO     Sleeping for 3.1 seconds, 2014-01-10 15:37:27
2014-01-10 15:37:31        throttle.py,  257 in           __call__: INFO     Sleeping for 3.1 seconds, 2014-01-10 15:37:31
2014-01-10 15:37:35        throttle.py,  257 in           __call__: INFO     Sleeping for 3.1 seconds, 2014-01-10 15:37:35
2014-01-10 15:37:39        throttle.py,  257 in           __call__: INFO     Sleeping for 3.1 seconds, 2014-01-10 15:37:39
2014-01-10 15:37:43        throttle.py,  257 in           __call__: INFO     Sleeping for 3.1 seconds, 2014-01-10 15:37:43
2014-01-10 15:37:47        throttle.py,  257 in           __call__: INFO     Sleeping for 3.1 seconds, 2014-01-10 15:37:47
2014-01-10 15:37:51        throttle.py,  257 in           __call__: INFO     Sleeping for 3.1 seconds, 2014-01-10 15:37:51
2014-01-10 15:37:55        throttle.py,  257 in           __call__: INFO     Sleeping for 3.1 seconds, 2014-01-10 15:37:55
2014-01-10 15:37:59        throttle.py,  257 in           __call__: INFO     Sleeping for 3.1 seconds, 2014-01-10 15:37:59
2014-01-10 15:38:03        throttle.py,  257 in           __call__: INFO     Sleeping for 3.1 seconds, 2014-01-10 15:38:03
2014-01-10 15:38:07        throttle.py,  257 in           __call__: INFO     Sleeping for 3.1 seconds, 2014-01-10 15:38:07
2014-01-10 15:38:11        throttle.py,  257 in           __call__: INFO     Sleeping for 3.1 seconds, 2014-01-10 15:38:11
2014-01-10 15:38:15        throttle.py,  257 in           __call__: INFO     Sleeping for 3.1 seconds, 2014-01-10 15:38:15
2014-01-10 15:38:19        throttle.py,  257 in           __call__: INFO     Sleeping for 3.1 seconds, 2014-01-10 15:38:19
2014-01-10 15:38:23        throttle.py,  257 in           __call__: INFO     Sleeping for 3.1 seconds, 2014-01-10 15:38:23
2014-01-10 15:38:27        throttle.py,  257 in           __call__: INFO     Sleeping for 3.1 seconds, 2014-01-10 15:38:27
2014-01-10 15:38:31        throttle.py,  257 in           __call__: INFO     Sleeping for 3.1 seconds, 2014-01-10 15:38:31
2014-01-10 15:38:35        throttle.py,  257 in           __call__: INFO     Sleeping for 3.1 seconds, 2014-01-10 15:38:35
2014-01-10 15:55:48            http.py,  162 in            request: ERROR    URLError: <urlopen error [Errno -2] Name or service not known>
2014-01-10 15:55:48            http.py,  170 in            request: WARNING  Could not open 'http://ml.wikisource.org/w/api.php?inprop=protection%7Csubjectid&format=json&rvprop=content%7Cids%7Cflags%7Ctimestamp%7Cuser%7Ccomment%7Csize&prop=revisions%7Cinfo&titles=%E0%B4%A4%E0%B4%BE%E0%B5%BE%3ASujathodwaham%20bhasha%20chambu%201907.pdf/36&rvlimit=1&action=query'. Maybe the server or
 your connection is down. Retrying in 1 minutes...
2014-01-10 16:00:59        throttle.py,  257 in           __call__: INFO     Sleeping for 3.1 seconds, 2014-01-10 16:00:59
2014-01-10 16:01:03        throttle.py,  257 in           __call__: INFO     Sleeping for 3.1 seconds, 2014-01-10 16:01:03
2014-01-10 16:01:07        throttle.py,  257 in           __call__: INFO     Sleeping for 3.1 seconds, 2014-01-10 16:01:07
2014-01-10 16:01:11        throttle.py,  257 in           __call__: INFO     Sleeping for 3.1 seconds, 2014-01-10 16:01:11
2014-01-10 16:01:15        throttle.py,  257 in           __call__: INFO     Sleeping for 3.1 seconds, 2014-01-10 16:01:15
2014-01-10 16:01:19        throttle.py,  257 in           __call__: INFO     Sleeping for 3.1 seconds, 2014-01-10 16:01:19
2014-01-10 16:01:23        throttle.py,  257 in           __call__: INFO     Sleeping for 3.1 seconds, 2014-01-10 16:01:23
2014-01-10 16:01:27        throttle.py,  257 in           __call__: INFO     Sleeping for 3.1 seconds, 2014-01-10 16:01:27
2014-01-10 16:01:31        throttle.py,  257 in           __call__: INFO     Sleeping for 3.1 seconds, 2014-01-10 16:01:31
2014-01-10 16:01:35        throttle.py,  257 in           __call__: INFO     Sleeping for 3.1 seconds, 2014-01-10 16:01:35
2014-01-10 16:01:39        throttle.py,  257 in           __call__: INFO     Sleeping for 3.1 seconds, 2014-01-10 16:01:39
2014-01-10 16:01:43        throttle.py,  257 in           __call__: INFO     Sleeping for 3.1 seconds, 2014-01-10 16:01:43
2014-01-10 16:01:47        throttle.py,  257 in           __call__: INFO     Sleeping for 3.1 seconds, 2014-01-10 16:01:47
2014-01-10 16:01:51        throttle.py,  257 in           __call__: INFO     Sleeping for 3.2 seconds, 2014-01-10 16:01:51
2014-01-10 16:01:55        throttle.py,  257 in           __call__: INFO     Sleeping for 3.1 seconds, 2014-01-10 16:01:55
2014-01-10 16:01:59        throttle.py,  257 in           __call__: INFO     Sleeping for 3.1 seconds, 2014-01-10 16:01:59
2014-01-10 16:02:03        throttle.py,  257 in           __call__: INFO     Sleeping for 3.1 seconds, 2014-01-10 16:02:03
2014-01-10 16:02:07        throttle.py,  257 in           __call__: INFO     Sleeping for 3.1 seconds, 2014-01-10 16:02:07
2014-01-10 16:02:11        throttle.py,  257 in           __call__: INFO     Sleeping for 3.1 seconds, 2014-01-10 16:02:11
2014-01-10 16:02:15        throttle.py,  257 in           __call__: INFO     Sleeping for 3.1 seconds, 2014-01-10 16:02:15
2014-01-10 16:02:19        throttle.py,  257 in           __call__: INFO     Sleeping for 3.1 seconds, 2014-01-10 16:02:19
2014-01-10 16:02:23        throttle.py,  257 in           __call__: INFO     Sleeping for 3.1 seconds, 2014-01-10 16:02:23
2014-01-10 16:02:27        throttle.py,  257 in           __call__: INFO     Sleeping for 3.1 seconds, 2014-01-10 16:02:27
2014-01-10 16:02:31        throttle.py,  257 in           __call__: INFO     Sleeping for 3.1 seconds, 2014-01-10 16:02:31
2014-01-10 16:02:35        throttle.py,  257 in           __call__: INFO     Sleeping for 3.1 seconds, 2014-01-10 16:02:35
2014-01-10 16:02:39        throttle.py,  257 in           __call__: INFO     Sleeping for 3.1 seconds, 2014-01-10 16:02:39
2014-01-10 16:02:43        throttle.py,  257 in           __call__: INFO     Sleeping for 3.1 seconds, 2014-01-10 16:02:43
2014-01-10 16:02:47        throttle.py,  257 in           __call__: INFO     Sleeping for 3.1 seconds, 2014-01-10 16:02:47
2014-01-10 16:02:51        throttle.py,  257 in           __call__: INFO     Sleeping for 3.2 seconds, 2014-01-10 16:02:51
2014-01-10 16:02:55        throttle.py,  257 in           __call__: INFO     Sleeping for 3.1 seconds, 2014-01-10 16:02:55
2014-01-10 16:02:59        throttle.py,  257 in           __call__: INFO     Sleeping for 3.2 seconds, 2014-01-10 16:02:59
2014-01-10 16:03:03        throttle.py,  257 in           __call__: INFO     Sleeping for 3.1 seconds, 2014-01-10 16:03:03
2014-01-10 16:03:07        throttle.py,  257 in           __call__: INFO     Sleeping for 3.1 seconds, 2014-01-10 16:03:07
2014-01-10 16:03:11        throttle.py,  257 in           __call__: INFO     Sleeping for 3.2 seconds, 2014-01-10 16:03:11
2014-01-10 16:03:15        throttle.py,  257 in           __call__: INFO     Sleeping for 3.1 seconds, 2014-01-10 16:03:15
2014-01-10 16:03:19        throttle.py,  257 in           __call__: INFO     Sleeping for 3.1 seconds, 2014-01-10 16:03:19
2014-01-10 16:03:23        throttle.py,  257 in           __call__: INFO     Sleeping for 3.1 seconds, 2014-01-10 16:03:23
2014-01-10 16:03:27        throttle.py,  257 in           __call__: INFO     Sleeping for 3.1 seconds, 2014-01-10 16:03:27
2014-01-10 16:03:31        throttle.py,  257 in           __call__: INFO     Sleeping for 3.1 seconds, 2014-01-10 16:03:31
2014-01-10 16:03:35        throttle.py,  257 in           __call__: INFO     Sleeping for 3.2 seconds, 2014-01-10 16:03:35
2014-01-10 16:03:39        throttle.py,  257 in           __call__: INFO     Sleeping for 3.2 seconds, 2014-01-10 16:03:39
2014-01-10 16:03:43        throttle.py,  257 in           __call__: INFO     Sleeping for 3.2 seconds, 2014-01-10 16:03:43
2014-01-10 16:03:47        throttle.py,  257 in           __call__: INFO     Sleeping for 3.1 seconds, 2014-01-10 16:03:47
2014-01-10 16:03:51        throttle.py,  257 in           __call__: INFO     Sleeping for 3.1 seconds, 2014-01-10 16:03:51
2014-01-10 16:03:55        throttle.py,  257 in           __call__: INFO     Sleeping for 3.1 seconds, 2014-01-10 16:03:55
2014-01-10 16:03:59        throttle.py,  257 in           __call__: INFO     Sleeping for 3.1 seconds, 2014-01-10 16:03:59
2014-01-10 16:04:03        throttle.py,  257 in           __call__: INFO     Sleeping for 3.2 seconds, 2014-01-10 16:04:03
2014-01-10 16:04:07        throttle.py,  257 in           __call__: INFO     Sleeping for 3.1 seconds, 2014-01-10 16:04:07
2014-01-10 16:04:11        throttle.py,  257 in           __call__: INFO     Sleeping for 3.1 seconds, 2014-01-10 16:04:11
2014-01-10 16:04:15        throttle.py,  257 in           __call__: INFO     Sleeping for 3.1 seconds, 2014-01-10 16:04:15
2014-01-10 16:04:19        throttle.py,  257 in           __call__: INFO     Sleeping for 3.1 seconds, 2014-01-10 16:04:19
2014-01-10 16:04:23        throttle.py,  257 in           __call__: INFO     Sleeping for 3.1 seconds, 2014-01-10 16:04:23
2014-01-10 16:04:27        throttle.py,  257 in           __call__: INFO     Sleeping for 3.1 seconds, 2014-01-10 16:04:27
2014-01-10 16:04:31        throttle.py,  257 in           __call__: INFO     Sleeping for 3.1 seconds, 2014-01-10 16:04:31
2014-01-10 16:04:35        throttle.py,  257 in           __call__: INFO     Sleeping for 3.2 seconds, 2014-01-10 16:04:35
2014-01-10 16:04:39        throttle.py,  257 in           __call__: INFO     Sleeping for 3.1 seconds, 2014-01-10 16:04:39
2014-01-10 16:04:43        throttle.py,  257 in           __call__: INFO     Sleeping for 3.1 seconds, 2014-01-10 16:04:43
2014-01-10 16:04:47        throttle.py,  257 in           __call__: INFO     Sleeping for 3.1 seconds, 2014-01-10 16:04:47
2014-01-10 16:04:51        throttle.py,  257 in           __call__: INFO     Sleeping for 3.2 seconds, 2014-01-10 16:04:51
2014-01-10 16:04:55        throttle.py,  257 in           __call__: INFO     Sleeping for 3.2 seconds, 2014-01-10 16:04:55
2014-01-10 16:04:59        throttle.py,  257 in           __call__: INFO     Sleeping for 3.1 seconds, 2014-01-10 16:04:59
2014-01-10 16:05:03        throttle.py,  257 in           __call__: INFO     Sleeping for 3.1 seconds, 2014-01-10 16:05:03
2014-01-10 16:05:07        throttle.py,  257 in           __call__: INFO     Sleeping for 3.1 seconds, 2014-01-10 16:05:07
2014-01-10 16:05:11        throttle.py,  257 in           __call__: INFO     Sleeping for 3.1 seconds, 2014-01-10 16:05:11
2014-01-10 16:05:15        throttle.py,  257 in           __call__: INFO     Sleeping for 3.2 seconds, 2014-01-10 16:05:15
2014-01-10 16:05:19        throttle.py,  257 in           __call__: INFO     Sleeping for 3.2 seconds, 2014-01-10 16:05:19
2014-01-10 16:05:23        throttle.py,  257 in           __call__: INFO     Sleeping for 3.2 seconds, 2014-01-10 16:05:23
2014-01-10 16:05:27        throttle.py,  257 in           __call__: INFO     Sleeping for 3.2 seconds, 2014-01-10 16:05:27
2014-01-10 16:05:31        throttle.py,  257 in           __call__: INFO     Sleeping for 3.1 seconds, 2014-01-10 16:05:31
2014-01-10 16:05:35        throttle.py,  257 in           __call__: INFO     Sleeping for 3.1 seconds, 2014-01-10 16:05:35
2014-01-10 16:05:39        throttle.py,  257 in           __call__: INFO     Sleeping for 3.1 seconds, 2014-01-10 16:05:39
2014-01-10 16:05:43        throttle.py,  257 in           __call__: INFO     Sleeping for 3.2 seconds, 2014-01-10 16:05:43
2014-01-10 16:05:47        throttle.py,  257 in           __call__: INFO     Sleeping for 3.1 seconds, 2014-01-10 16:05:47
2014-01-10 16:05:51        throttle.py,  257 in           __call__: INFO     Sleeping for 3.1 seconds, 2014-01-10 16:05:51
2014-01-10 16:05:55        throttle.py,  257 in           __call__: INFO     Sleeping for 3.2 seconds, 2014-01-10 16:05:55
2014-01-10 16:05:59        throttle.py,  257 in           __call__: INFO     Sleeping for 3.1 seconds, 2014-01-10 16:05:59
2014-01-10 16:06:03        throttle.py,  257 in           __call__: INFO     Sleeping for 3.1 seconds, 2014-01-10 16:06:03
2014-01-10 16:06:07        throttle.py,  257 in           __call__: INFO     Sleeping for 3.1 seconds, 2014-01-10 16:06:07
2014-01-10 16:06:11        throttle.py,  257 in           __call__: INFO     Sleeping for 3.1 seconds, 2014-01-10 16:06:11
2014-01-10 16:06:15        throttle.py,  257 in           __call__: INFO     Sleeping for 3.1 seconds, 2014-01-10 16:06:15
2014-01-10 16:06:19        throttle.py,  257 in           __call__: INFO     Sleeping for 3.1 seconds, 2014-01-10 16:06:19
2014-01-10 16:06:23        throttle.py,  257 in           __call__: INFO     Sleeping for 3.1 seconds, 2014-01-10 16:06:23
2014-01-10 16:06:27        throttle.py,  257 in           __call__: INFO     Sleeping for 3.1 seconds, 2014-01-10 16:06:27
2014-01-10 16:06:31        throttle.py,  257 in           __call__: INFO     Sleeping for 3.1 seconds, 2014-01-10 16:06:31
2014-01-10 16:06:35        throttle.py,  257 in           __call__: INFO     Sleeping for 3.1 seconds, 2014-01-10 16:06:35
2014-01-10 16:06:39        throttle.py,  257 in           __call__: INFO     Sleeping for 3.1 seconds, 2014-01-10 16:06:39
2014-01-10 16:06:43        throttle.py,  257 in           __call__: INFO     Sleeping for 3.1 seconds, 2014-01-10 16:06:43
2014-01-10 16:06:47        throttle.py,  257 in           __call__: INFO     Sleeping for 3.2 seconds, 2014-01-10 16:06:47
2014-01-10 16:06:51        throttle.py,  257 in           __call__: INFO     Sleeping for 3.1 seconds, 2014-01-10 16:06:51
2014-01-10 16:06:55        throttle.py,  257 in           __call__: INFO     Sleeping for 3.1 seconds, 2014-01-10 16:06:55
2014-01-10 16:06:59        throttle.py,  257 in           __call__: INFO     Sleeping for 3.2 seconds, 2014-01-10 16:06:59
2014-01-10 16:07:03        throttle.py,  257 in           __call__: INFO     Sleeping for 3.1 seconds, 2014-01-10 16:07:03
2014-01-10 16:07:07        throttle.py,  257 in           __call__: INFO     Sleeping for 3.2 seconds, 2014-01-10 16:07:07
2014-01-10 16:07:11        throttle.py,  257 in           __call__: INFO     Sleeping for 3.1 seconds, 2014-01-10 16:07:11
2014-01-10 16:07:15        throttle.py,  257 in           __call__: INFO     Sleeping for 3.1 seconds, 2014-01-10 16:07:15
2014-01-10 16:07:19        throttle.py,  257 in           __call__: INFO     Sleeping for 3.1 seconds, 2014-01-10 16:07:19
2014-01-10 16:07:23        throttle.py,  257 in           __call__: INFO     Sleeping for 3.1 seconds, 2014-01-10 16:07:23
2014-01-10 16:07:27        throttle.py,  257 in           __call__: INFO     Sleeping for 3.1 seconds, 2014-01-10 16:07:27
2014-01-10 16:07:31        throttle.py,  257 in           __call__: INFO     Sleeping for 3.1 seconds, 2014-01-10 16:07:31
2014-01-10 16:07:35        throttle.py,  257 in           __call__: INFO     Sleeping for 3.1 seconds, 2014-01-10 16:07:35
2014-01-10 16:07:39        throttle.py,  257 in           __call__: INFO     Sleeping for 3.1 seconds, 2014-01-10 16:07:39
2014-01-10 16:07:43        throttle.py,  257 in           __call__: INFO     Sleeping for 3.1 seconds, 2014-01-10 16:07:43
2014-01-10 16:07:47        throttle.py,  257 in           __call__: INFO     Sleeping for 3.2 seconds, 2014-01-10 16:07:47
2014-01-10 16:07:51        throttle.py,  257 in           __call__: INFO     Sleeping for 3.1 seconds, 2014-01-10 16:07:51
2014-01-10 16:07:55        throttle.py,  257 in           __call__: INFO     Sleeping for 3.1 seconds, 2014-01-10 16:07:55
2014-01-10 16:07:59        throttle.py,  257 in           __call__: INFO     Sleeping for 3.1 seconds, 2014-01-10 16:07:59
2014-01-10 16:08:03        throttle.py,  257 in           __call__: INFO     Sleeping for 3.1 seconds, 2014-01-10 16:08:03
2014-01-10 16:08:07        throttle.py,  257 in           __call__: INFO     Sleeping for 3.1 seconds, 2014-01-10 16:08:07
2014-01-10 16:08:11        throttle.py,  257 in           __call__: INFO     Sleeping for 3.1 seconds, 2014-01-10 16:08:11
2014-01-10 16:08:15        throttle.py,  257 in           __call__: INFO     Sleeping for 3.1 seconds, 2014-01-10 16:08:15
2014-01-10 16:08:19        throttle.py,  257 in           __call__: INFO     Sleeping for 3.1 seconds, 2014-01-10 16:08:19
2014-01-10 16:08:23        throttle.py,  257 in           __call__: INFO     Sleeping for 3.2 seconds, 2014-01-10 16:08:23
2014-01-10 16:08:27        throttle.py,  257 in           __call__: INFO     Sleeping for 3.1 seconds, 2014-01-10 16:08:27
2014-01-10 16:08:31        throttle.py,  257 in           __call__: INFO     Sleeping for 3.1 seconds, 2014-01-10 16:08:31
2014-01-10 16:08:35        throttle.py,  257 in           __call__: INFO     Sleeping for 3.2 seconds, 2014-01-10 16:08:35
2014-01-10 16:08:39        throttle.py,  257 in           __call__: INFO     Sleeping for 3.1 seconds, 2014-01-10 16:08:39
2014-01-10 16:08:43        throttle.py,  257 in           __call__: INFO     Sleeping for 3.1 seconds, 2014-01-10 16:08:43
2014-01-10 16:08:47        throttle.py,  257 in           __call__: INFO     Sleeping for 3.1 seconds, 2014-01-10 16:08:47
2014-01-10 16:08:51        throttle.py,  257 in           __call__: INFO     Sleeping for 3.1 seconds, 2014-01-10 16:08:51
2014-01-10 16:08:55        throttle.py,  257 in           __call__: INFO     Sleeping for 3.2 seconds, 2014-01-10 16:08:55
2014-01-10 16:08:59        throttle.py,  257 in           __call__: INFO     Sleeping for 3.2 seconds, 2014-01-10 16:08:59
2014-01-10 16:09:03        throttle.py,  257 in           __call__: INFO     Sleeping for 3.2 seconds, 2014-01-10 16:09:03
2014-01-10 16:09:07        throttle.py,  257 in           __call__: INFO     Sleeping for 3.2 seconds, 2014-01-10 16:09:07
2014-01-10 16:09:11        throttle.py,  257 in           __call__: INFO     Sleeping for 3.1 seconds, 2014-01-10 16:09:11
2014-01-10 16:09:15        throttle.py,  257 in           __call__: INFO     Sleeping for 3.1 seconds, 2014-01-10 16:09:15
2014-01-10 16:09:19        throttle.py,  257 in           __call__: INFO     Sleeping for 3.2 seconds, 2014-01-10 16:09:19
2014-01-10 16:09:23        throttle.py,  257 in           __call__: INFO     Sleeping for 3.1 seconds, 2014-01-10 16:09:23
2014-01-10 16:09:27        throttle.py,  257 in           __call__: INFO     Sleeping for 3.1 seconds, 2014-01-10 16:09:27
2014-01-10 16:09:31        throttle.py,  257 in           __call__: INFO     Sleeping for 3.1 seconds, 2014-01-10 16:09:31
2014-01-10 16:09:35        throttle.py,  257 in           __call__: INFO     Sleeping for 3.1 seconds, 2014-01-10 16:09:35
2014-01-10 16:09:39        throttle.py,  257 in           __call__: INFO     Sleeping for 3.1 seconds, 2014-01-10 16:09:39
2014-01-10 16:09:43        throttle.py,  257 in           __call__: INFO     Sleeping for 3.1 seconds, 2014-01-10 16:09:43
2014-01-10 16:09:47        throttle.py,  257 in           __call__: INFO     Sleeping for 3.1 seconds, 2014-01-10 16:09:47
2014-01-10 16:09:51        throttle.py,  257 in           __call__: INFO     Sleeping for 3.1 seconds, 2014-01-10 16:09:51
2014-01-10 16:09:55        throttle.py,  257 in           __call__: INFO     Sleeping for 3.2 seconds, 2014-01-10 16:09:55
2014-01-10 16:09:59        throttle.py,  257 in           __call__: INFO     Sleeping for 3.1 seconds, 2014-01-10 16:09:59
2014-01-10 16:10:03        throttle.py,  257 in           __call__: INFO     Sleeping for 3.1 seconds, 2014-01-10 16:10:03
2014-01-10 16:10:07        throttle.py,  257 in           __call__: INFO     Sleeping for 3.1 seconds, 2014-01-10 16:10:07
2014-01-10 16:10:11        throttle.py,  257 in           __call__: INFO     Sleeping for 3.2 seconds, 2014-01-10 16:10:11
2014-01-10 16:10:15        throttle.py,  257 in           __call__: INFO     Sleeping for 3.2 seconds, 2014-01-10 16:10:15
2014-01-10 16:10:19        throttle.py,  257 in           __call__: INFO     Sleeping for 3.1 seconds, 2014-01-10 16:10:19
2014-01-10 16:10:23        throttle.py,  257 in           __call__: INFO     Sleeping for 3.1 seconds, 2014-01-10 16:10:23
2014-01-10 16:10:27        throttle.py,  257 in           __call__: INFO     Sleeping for 3.2 seconds, 2014-01-10 16:10:27
2014-01-10 16:10:31        throttle.py,  257 in           __call__: INFO     Sleeping for 3.2 seconds, 2014-01-10 16:10:31
2014-01-10 16:10:35        throttle.py,  257 in           __call__: INFO     Sleeping for 3.1 seconds, 2014-01-10 16:10:35
2014-01-10 16:10:39        throttle.py,  257 in           __call__: INFO     Sleeping for 3.1 seconds, 2014-01-10 16:10:39
2014-01-10 16:10:43        throttle.py,  257 in           __call__: INFO     Sleeping for 3.1 seconds, 2014-01-10 16:10:43
2014-01-10 16:10:47        throttle.py,  257 in           __call__: INFO     Sleeping for 3.1 seconds, 2014-01-10 16:10:47
2014-01-10 16:10:51        throttle.py,  257 in           __call__: INFO     Sleeping for 3.1 seconds, 2014-01-10 16:10:51
2014-01-10 16:10:55        throttle.py,  257 in           __call__: INFO     Sleeping for 3.1 seconds, 2014-01-10 16:10:55
2014-01-10 16:10:59        throttle.py,  257 in           __call__: INFO     Sleeping for 3.1 seconds, 2014-01-10 16:10:59
2014-01-10 16:11:03        throttle.py,  257 in           __call__: INFO     Sleeping for 3.1 seconds, 2014-01-10 16:11:03
2014-01-10 16:11:07        throttle.py,  257 in           __call__: INFO     Sleeping for 3.1 seconds, 2014-01-10 16:11:07
2014-01-10 16:11:11        throttle.py,  257 in           __call__: INFO     Sleeping for 3.1 seconds, 2014-01-10 16:11:11
2014-01-10 16:11:15        throttle.py,  257 in           __call__: INFO     Sleeping for 3.1 seconds, 2014-01-10 16:11:15
2014-01-10 16:11:19        throttle.py,  257 in           __call__: INFO     Sleeping for 3.2 seconds, 2014-01-10 16:11:19
2014-01-10 16:11:23        throttle.py,  257 in           __call__: INFO     Sleeping for 3.1 seconds, 2014-01-10 16:11:23
2014-01-10 16:11:27        throttle.py,  257 in           __call__: INFO     Sleeping for 3.1 seconds, 2014-01-10 16:11:27
2014-01-10 16:11:31        throttle.py,  257 in           __call__: INFO     Sleeping for 3.1 seconds, 2014-01-10 16:11:31
2014-01-10 16:11:39        throttle.py,  257 in           __call__: INFO     Sleeping for 3.1 seconds, 2014-01-10 16:11:39
2014-01-10 16:11:43        throttle.py,  257 in           __call__: INFO     Sleeping for 3.1 seconds, 2014-01-10 16:11:43
2014-01-10 16:11:47        throttle.py,  257 in           __call__: INFO     Sleeping for 3.2 seconds, 2014-01-10 16:11:47
2014-01-10 16:11:51        throttle.py,  257 in           __call__: INFO     Sleeping for 3.1 seconds, 2014-01-10 16:11:51
2014-01-10 16:11:55        throttle.py,  257 in           __call__: INFO     Sleeping for 3.1 seconds, 2014-01-10 16:11:55
2014-01-10 16:11:59        throttle.py,  257 in           __call__: INFO     Sleeping for 3.1 seconds, 2014-01-10 16:11:59
