2014-01-13 00:30:04          catlib.py,  252 in     _parseCategory: INFO     Getting [[വർഗ്ഗം:DC2014Pages]] list...
2014-01-13 00:30:04        throttle.py,  257 in           __call__: INFO     Sleeping for 28.4 seconds, 2014-01-13 00:30:04
2014-01-13 00:30:34          catlib.py,  240 in     _parseCategory: INFO     Getting [[വർഗ്ഗം:DC2014Pages]] list from cmcontinue=page|44524156494441205652495448414e47414c554d20415641595544452044484153484120504152494e414d414e47414c554d20313933302e5044462f3137|26668...
2014-01-13 00:30:34        throttle.py,  257 in           __call__: INFO     Sleeping for 27.9 seconds, 2014-01-13 00:30:34
2014-01-13 00:31:03          catlib.py,  240 in     _parseCategory: INFO     Getting [[വർഗ്ഗം:DC2014Pages]] list from cmcontinue=page|4d414c4159414c414d204e45572054455354414d454e5420434f4d504c4554452047554e4445525420313836382e5044462f343432|25649...
2014-01-13 00:31:03        throttle.py,  257 in           __call__: INFO     Sleeping for 27.8 seconds, 2014-01-13 00:31:03
2014-01-13 00:31:32          catlib.py,  240 in     _parseCategory: INFO     Getting [[വർഗ്ഗം:DC2014Pages]] list from cmcontinue=page|5241532030322030322d3135304450492e444a56552f3731|23694...
2014-01-13 00:31:32        throttle.py,  257 in           __call__: INFO     Sleeping for 27.5 seconds, 2014-01-13 00:31:32
2014-01-13 00:32:01          catlib.py,  240 in     _parseCategory: INFO     Getting [[വർഗ്ഗം:DC2014Pages]] list from cmcontinue=page|5352454520414d4152554b41205348415448414b414d202d20414d4152554b414b41564920313839332e5044462f38|24658...
2014-01-13 00:32:01        throttle.py,  257 in           __call__: INFO     Sleeping for 27.5 seconds, 2014-01-13 00:32:01
2014-01-13 00:32:31          catlib.py,  240 in     _parseCategory: INFO     Getting [[വർഗ്ഗം:DC2014Pages]] list from cmcontinue=subcat|4443323031345041474553202d20425920555345523ae0b495e0b581e0b49ee0b58de0b49ee0b4bfe0b4b2e0b4aee0b4bee0b4b8e0b58de0b4b8e0b4bfe0b4b2e0b4bee0b4aee0b4a3e0b4bf|24452...
2014-01-13 00:32:31        throttle.py,  257 in           __call__: INFO     Sleeping for 26.5 seconds, 2014-01-13 00:32:31
2014-01-13 00:32:59        throttle.py,  257 in           __call__: INFO     Sleeping for 27.8 seconds, 2014-01-13 00:32:59
2014-01-13 00:33:28        throttle.py,  257 in           __call__: INFO     Sleeping for 27.7 seconds, 2014-01-13 00:33:28
2014-01-13 00:33:57        throttle.py,  257 in           __call__: INFO     Sleeping for 28.1 seconds, 2014-01-13 00:33:57
2014-01-13 00:34:26        throttle.py,  257 in           __call__: INFO     Sleeping for 28.2 seconds, 2014-01-13 00:34:26
2014-01-13 00:34:55        throttle.py,  257 in           __call__: INFO     Sleeping for 28.1 seconds, 2014-01-13 00:34:55
2014-01-13 00:35:24        throttle.py,  257 in           __call__: INFO     Sleeping for 28.1 seconds, 2014-01-13 00:35:24
2014-01-13 00:35:53        throttle.py,  257 in           __call__: INFO     Sleeping for 28.1 seconds, 2014-01-13 00:35:53
2014-01-13 00:36:22        throttle.py,  257 in           __call__: INFO     Sleeping for 28.2 seconds, 2014-01-13 00:36:22
2014-01-13 00:36:51        throttle.py,  257 in           __call__: INFO     Sleeping for 28.2 seconds, 2014-01-13 00:36:51
2014-01-13 00:37:20        throttle.py,  257 in           __call__: INFO     Sleeping for 28.1 seconds, 2014-01-13 00:37:20
2014-01-13 00:37:49        throttle.py,  257 in           __call__: INFO     Sleeping for 28.1 seconds, 2014-01-13 00:37:49
2014-01-13 00:38:18        throttle.py,  257 in           __call__: INFO     Sleeping for 28.1 seconds, 2014-01-13 00:38:18
2014-01-13 00:38:47        throttle.py,  257 in           __call__: INFO     Sleeping for 28.1 seconds, 2014-01-13 00:38:47
2014-01-13 00:39:16        throttle.py,  257 in           __call__: INFO     Sleeping for 28.2 seconds, 2014-01-13 00:39:16
2014-01-13 00:39:45        throttle.py,  257 in           __call__: INFO     Sleeping for 27.1 seconds, 2014-01-13 00:39:45
2014-01-13 00:40:13        throttle.py,  257 in           __call__: INFO     Sleeping for 27.1 seconds, 2014-01-13 00:40:13
2014-01-13 00:40:41        throttle.py,  257 in           __call__: INFO     Sleeping for 27.1 seconds, 2014-01-13 00:40:41
2014-01-13 00:41:09        throttle.py,  257 in           __call__: INFO     Sleeping for 27.1 seconds, 2014-01-13 00:41:09
2014-01-13 00:41:37        throttle.py,  257 in           __call__: INFO     Sleeping for 27.1 seconds, 2014-01-13 00:41:37
2014-01-13 00:42:05        throttle.py,  257 in           __call__: INFO     Sleeping for 27.1 seconds, 2014-01-13 00:42:05
2014-01-13 00:42:33        throttle.py,  257 in           __call__: INFO     Sleeping for 27.1 seconds, 2014-01-13 00:42:33
2014-01-13 00:43:01        throttle.py,  257 in           __call__: INFO     Sleeping for 27.2 seconds, 2014-01-13 00:43:01
2014-01-13 00:43:29        throttle.py,  257 in           __call__: INFO     Sleeping for 27.1 seconds, 2014-01-13 00:43:29
2014-01-13 00:43:58        throttle.py,  257 in           __call__: INFO     Sleeping for 27.1 seconds, 2014-01-13 00:43:58
2014-01-13 00:44:26        throttle.py,  257 in           __call__: INFO     Sleeping for 27.1 seconds, 2014-01-13 00:44:26
2014-01-13 00:44:54        throttle.py,  257 in           __call__: INFO     Sleeping for 27.1 seconds, 2014-01-13 00:44:54
2014-01-13 00:45:22        throttle.py,  257 in           __call__: INFO     Sleeping for 27.1 seconds, 2014-01-13 00:45:22
2014-01-13 00:45:50        throttle.py,  257 in           __call__: INFO     Sleeping for 27.1 seconds, 2014-01-13 00:45:50
2014-01-13 00:46:18        throttle.py,  257 in           __call__: INFO     Sleeping for 27.1 seconds, 2014-01-13 00:46:18
2014-01-13 00:46:46        throttle.py,  257 in           __call__: INFO     Sleeping for 27.1 seconds, 2014-01-13 00:46:46
2014-01-13 00:47:14        throttle.py,  257 in           __call__: INFO     Sleeping for 27.1 seconds, 2014-01-13 00:47:14
2014-01-13 00:47:42        throttle.py,  257 in           __call__: INFO     Sleeping for 27.1 seconds, 2014-01-13 00:47:42
2014-01-13 00:48:10        throttle.py,  257 in           __call__: INFO     Sleeping for 27.1 seconds, 2014-01-13 00:48:10
2014-01-13 00:48:38        throttle.py,  257 in           __call__: INFO     Sleeping for 27.1 seconds, 2014-01-13 00:48:38
2014-01-13 00:49:06        throttle.py,  257 in           __call__: INFO     Sleeping for 27.1 seconds, 2014-01-13 00:49:06
2014-01-13 00:49:34        throttle.py,  257 in           __call__: INFO     Sleeping for 27.1 seconds, 2014-01-13 00:49:34
2014-01-13 00:50:02        throttle.py,  257 in           __call__: INFO     Sleeping for 27.1 seconds, 2014-01-13 00:50:02
2014-01-13 00:50:30        throttle.py,  257 in           __call__: INFO     Sleeping for 27.1 seconds, 2014-01-13 00:50:30
2014-01-13 00:50:58        throttle.py,  257 in           __call__: INFO     Sleeping for 27.1 seconds, 2014-01-13 00:50:58
2014-01-13 00:51:26        throttle.py,  257 in           __call__: INFO     Sleeping for 27.0 seconds, 2014-01-13 00:51:26
2014-01-13 00:51:54        throttle.py,  257 in           __call__: INFO     Sleeping for 27.1 seconds, 2014-01-13 00:51:54
2014-01-13 00:52:22        throttle.py,  257 in           __call__: INFO     Sleeping for 27.1 seconds, 2014-01-13 00:52:22
2014-01-13 00:52:50        throttle.py,  257 in           __call__: INFO     Sleeping for 27.2 seconds, 2014-01-13 00:52:50
2014-01-13 00:53:18        throttle.py,  257 in           __call__: INFO     Sleeping for 27.1 seconds, 2014-01-13 00:53:18
2014-01-13 00:53:46        throttle.py,  257 in           __call__: INFO     Sleeping for 27.1 seconds, 2014-01-13 00:53:46
2014-01-13 00:54:14        throttle.py,  257 in           __call__: INFO     Sleeping for 27.2 seconds, 2014-01-13 00:54:14
2014-01-13 00:54:42        throttle.py,  257 in           __call__: INFO     Sleeping for 27.1 seconds, 2014-01-13 00:54:42
2014-01-13 00:55:10        throttle.py,  257 in           __call__: INFO     Sleeping for 27.1 seconds, 2014-01-13 00:55:10
2014-01-13 00:55:38        throttle.py,  257 in           __call__: INFO     Sleeping for 27.1 seconds, 2014-01-13 00:55:38
2014-01-13 00:56:06        throttle.py,  257 in           __call__: INFO     Sleeping for 27.1 seconds, 2014-01-13 00:56:06
2014-01-13 00:56:34        throttle.py,  257 in           __call__: INFO     Sleeping for 27.0 seconds, 2014-01-13 00:56:34
2014-01-13 00:57:02        throttle.py,  257 in           __call__: INFO     Sleeping for 27.1 seconds, 2014-01-13 00:57:02
2014-01-13 00:57:30        throttle.py,  257 in           __call__: INFO     Sleeping for 27.1 seconds, 2014-01-13 00:57:30
2014-01-13 00:57:58        throttle.py,  257 in           __call__: INFO     Sleeping for 27.1 seconds, 2014-01-13 00:57:58
2014-01-13 00:58:26        throttle.py,  257 in           __call__: INFO     Sleeping for 27.1 seconds, 2014-01-13 00:58:26
2014-01-13 00:58:54        throttle.py,  257 in           __call__: INFO     Sleeping for 27.1 seconds, 2014-01-13 00:58:54
2014-01-13 00:59:23        throttle.py,  257 in           __call__: INFO     Sleeping for 27.1 seconds, 2014-01-13 00:59:23
2014-01-13 00:59:51        throttle.py,  257 in           __call__: INFO     Sleeping for 26.8 seconds, 2014-01-13 00:59:51
2014-01-13 01:00:19        throttle.py,  257 in           __call__: INFO     Sleeping for 27.0 seconds, 2014-01-13 01:00:19
2014-01-13 01:00:47        throttle.py,  257 in           __call__: INFO     Sleeping for 28.1 seconds, 2014-01-13 01:00:47
2014-01-13 01:01:16        throttle.py,  257 in           __call__: INFO     Sleeping for 28.1 seconds, 2014-01-13 01:01:16
2014-01-13 01:01:45        throttle.py,  257 in           __call__: INFO     Sleeping for 28.2 seconds, 2014-01-13 01:01:45
2014-01-13 01:02:14        throttle.py,  257 in           __call__: INFO     Sleeping for 28.1 seconds, 2014-01-13 01:02:14
2014-01-13 01:02:43        throttle.py,  257 in           __call__: INFO     Sleeping for 28.1 seconds, 2014-01-13 01:02:43
2014-01-13 01:03:12        throttle.py,  257 in           __call__: INFO     Sleeping for 28.2 seconds, 2014-01-13 01:03:12
2014-01-13 01:03:41        throttle.py,  257 in           __call__: INFO     Sleeping for 28.2 seconds, 2014-01-13 01:03:41
2014-01-13 01:04:10        throttle.py,  257 in           __call__: INFO     Sleeping for 28.1 seconds, 2014-01-13 01:04:10
2014-01-13 01:04:39        throttle.py,  257 in           __call__: INFO     Sleeping for 28.1 seconds, 2014-01-13 01:04:39
2014-01-13 01:05:08        throttle.py,  257 in           __call__: INFO     Sleeping for 28.0 seconds, 2014-01-13 01:05:08
2014-01-13 01:05:37        throttle.py,  257 in           __call__: INFO     Sleeping for 28.1 seconds, 2014-01-13 01:05:37
2014-01-13 01:06:06        throttle.py,  257 in           __call__: INFO     Sleeping for 28.1 seconds, 2014-01-13 01:06:06
2014-01-13 01:06:35        throttle.py,  257 in           __call__: INFO     Sleeping for 28.1 seconds, 2014-01-13 01:06:35
2014-01-13 01:07:04        throttle.py,  257 in           __call__: INFO     Sleeping for 28.1 seconds, 2014-01-13 01:07:04
2014-01-13 01:07:33        throttle.py,  257 in           __call__: INFO     Sleeping for 28.1 seconds, 2014-01-13 01:07:33
2014-01-13 01:08:02        throttle.py,  257 in           __call__: INFO     Sleeping for 28.0 seconds, 2014-01-13 01:08:02
2014-01-13 01:08:31        throttle.py,  257 in           __call__: INFO     Sleeping for 28.1 seconds, 2014-01-13 01:08:31
2014-01-13 01:09:00        throttle.py,  257 in           __call__: INFO     Sleeping for 28.1 seconds, 2014-01-13 01:09:00
2014-01-13 01:09:29        throttle.py,  257 in           __call__: INFO     Sleeping for 28.1 seconds, 2014-01-13 01:09:29
2014-01-13 01:09:58        throttle.py,  257 in           __call__: INFO     Sleeping for 28.2 seconds, 2014-01-13 01:09:58
2014-01-13 01:10:27        throttle.py,  257 in           __call__: INFO     Sleeping for 28.0 seconds, 2014-01-13 01:10:27
2014-01-13 01:10:56        throttle.py,  257 in           __call__: INFO     Sleeping for 28.2 seconds, 2014-01-13 01:10:56
2014-01-13 01:11:25        throttle.py,  257 in           __call__: INFO     Sleeping for 28.1 seconds, 2014-01-13 01:11:25
2014-01-13 01:11:54        throttle.py,  257 in           __call__: INFO     Sleeping for 28.1 seconds, 2014-01-13 01:11:54
2014-01-13 01:12:23        throttle.py,  257 in           __call__: INFO     Sleeping for 28.2 seconds, 2014-01-13 01:12:23
2014-01-13 01:12:52        throttle.py,  257 in           __call__: INFO     Sleeping for 28.1 seconds, 2014-01-13 01:12:52
2014-01-13 01:13:21        throttle.py,  257 in           __call__: INFO     Sleeping for 28.1 seconds, 2014-01-13 01:13:21
2014-01-13 01:13:50        throttle.py,  257 in           __call__: INFO     Sleeping for 28.2 seconds, 2014-01-13 01:13:50
2014-01-13 01:14:20        throttle.py,  257 in           __call__: INFO     Sleeping for 28.1 seconds, 2014-01-13 01:14:20
2014-01-13 01:14:49        throttle.py,  257 in           __call__: INFO     Sleeping for 28.1 seconds, 2014-01-13 01:14:49
2014-01-13 01:15:18        throttle.py,  257 in           __call__: INFO     Sleeping for 28.1 seconds, 2014-01-13 01:15:18
2014-01-13 01:15:47        throttle.py,  257 in           __call__: INFO     Sleeping for 28.1 seconds, 2014-01-13 01:15:47
2014-01-13 01:16:16        throttle.py,  257 in           __call__: INFO     Sleeping for 28.1 seconds, 2014-01-13 01:16:16
2014-01-13 01:16:45        throttle.py,  257 in           __call__: INFO     Sleeping for 28.1 seconds, 2014-01-13 01:16:45
2014-01-13 01:17:14        throttle.py,  257 in           __call__: INFO     Sleeping for 28.1 seconds, 2014-01-13 01:17:14
2014-01-13 01:17:43        throttle.py,  257 in           __call__: INFO     Sleeping for 28.1 seconds, 2014-01-13 01:17:43
2014-01-13 01:18:12        throttle.py,  257 in           __call__: INFO     Sleeping for 28.1 seconds, 2014-01-13 01:18:12
2014-01-13 01:18:41        throttle.py,  257 in           __call__: INFO     Sleeping for 28.1 seconds, 2014-01-13 01:18:41
2014-01-13 01:19:10        throttle.py,  257 in           __call__: INFO     Sleeping for 28.2 seconds, 2014-01-13 01:19:10
2014-01-13 01:19:39        throttle.py,  257 in           __call__: INFO     Sleeping for 28.1 seconds, 2014-01-13 01:19:39
2014-01-13 01:20:08        throttle.py,  257 in           __call__: INFO     Sleeping for 28.0 seconds, 2014-01-13 01:20:08
2014-01-13 01:20:37        throttle.py,  257 in           __call__: INFO     Sleeping for 28.2 seconds, 2014-01-13 01:20:37
2014-01-13 01:21:06        throttle.py,  257 in           __call__: INFO     Sleeping for 28.1 seconds, 2014-01-13 01:21:06
2014-01-13 01:21:35        throttle.py,  257 in           __call__: INFO     Sleeping for 28.1 seconds, 2014-01-13 01:21:35
2014-01-13 01:22:04        throttle.py,  257 in           __call__: INFO     Sleeping for 28.1 seconds, 2014-01-13 01:22:04
2014-01-13 01:22:33        throttle.py,  257 in           __call__: INFO     Sleeping for 28.1 seconds, 2014-01-13 01:22:33
2014-01-13 01:23:02        throttle.py,  257 in           __call__: INFO     Sleeping for 28.1 seconds, 2014-01-13 01:23:02
2014-01-13 01:23:31        throttle.py,  257 in           __call__: INFO     Sleeping for 28.1 seconds, 2014-01-13 01:23:31
2014-01-13 01:24:00        throttle.py,  257 in           __call__: INFO     Sleeping for 28.2 seconds, 2014-01-13 01:24:00
2014-01-13 01:24:29        throttle.py,  257 in           __call__: INFO     Sleeping for 28.2 seconds, 2014-01-13 01:24:29
2014-01-13 01:24:58        throttle.py,  257 in           __call__: INFO     Sleeping for 28.1 seconds, 2014-01-13 01:24:58
2014-01-13 01:25:27        throttle.py,  257 in           __call__: INFO     Sleeping for 28.1 seconds, 2014-01-13 01:25:27
2014-01-13 01:25:56        throttle.py,  257 in           __call__: INFO     Sleeping for 28.1 seconds, 2014-01-13 01:25:56
2014-01-13 01:26:25        throttle.py,  257 in           __call__: INFO     Sleeping for 28.1 seconds, 2014-01-13 01:26:25
2014-01-13 01:26:54        throttle.py,  257 in           __call__: INFO     Sleeping for 28.1 seconds, 2014-01-13 01:26:54
2014-01-13 01:27:24        throttle.py,  257 in           __call__: INFO     Sleeping for 27.8 seconds, 2014-01-13 01:27:24
2014-01-13 01:27:53        throttle.py,  257 in           __call__: INFO     Sleeping for 28.1 seconds, 2014-01-13 01:27:53
2014-01-13 01:28:22        throttle.py,  257 in           __call__: INFO     Sleeping for 28.1 seconds, 2014-01-13 01:28:22
2014-01-13 01:28:51        throttle.py,  257 in           __call__: INFO     Sleeping for 27.8 seconds, 2014-01-13 01:28:51
2014-01-13 01:29:20        throttle.py,  257 in           __call__: INFO     Sleeping for 28.1 seconds, 2014-01-13 01:29:20
2014-01-13 01:29:49        throttle.py,  257 in           __call__: INFO     Sleeping for 28.1 seconds, 2014-01-13 01:29:49
2014-01-13 01:30:19        throttle.py,  257 in           __call__: INFO     Sleeping for 27.4 seconds, 2014-01-13 01:30:19
2014-01-13 01:30:47        throttle.py,  257 in           __call__: INFO     Sleeping for 28.1 seconds, 2014-01-13 01:30:47
2014-01-13 01:31:16        throttle.py,  257 in           __call__: INFO     Sleeping for 28.2 seconds, 2014-01-13 01:31:16
2014-01-13 01:31:45        throttle.py,  257 in           __call__: INFO     Sleeping for 28.1 seconds, 2014-01-13 01:31:45
2014-01-13 01:32:14        throttle.py,  257 in           __call__: INFO     Sleeping for 29.1 seconds, 2014-01-13 01:32:14
2014-01-13 01:32:44        throttle.py,  257 in           __call__: INFO     Sleeping for 29.1 seconds, 2014-01-13 01:32:44
2014-01-13 01:33:14        throttle.py,  257 in           __call__: INFO     Sleeping for 29.1 seconds, 2014-01-13 01:33:14
2014-01-13 01:33:44        throttle.py,  257 in           __call__: INFO     Sleeping for 29.1 seconds, 2014-01-13 01:33:44
2014-01-13 01:34:14        throttle.py,  257 in           __call__: INFO     Sleeping for 29.1 seconds, 2014-01-13 01:34:14
2014-01-13 01:34:45        throttle.py,  257 in           __call__: INFO     Sleeping for 29.1 seconds, 2014-01-13 01:34:45
2014-01-13 01:35:16        throttle.py,  257 in           __call__: INFO     Sleeping for 28.0 seconds, 2014-01-13 01:35:16
2014-01-13 01:35:53        throttle.py,  257 in           __call__: INFO     Sleeping for 24.7 seconds, 2014-01-13 01:35:49
2014-01-13 01:36:19        throttle.py,  257 in           __call__: INFO     Sleeping for 8.1 seconds, 2014-01-13 01:36:19
2014-01-13 01:36:28        throttle.py,  257 in           __call__: INFO     Sleeping for 8.2 seconds, 2014-01-13 01:36:28
2014-01-13 01:36:37        throttle.py,  257 in           __call__: INFO     Sleeping for 8.1 seconds, 2014-01-13 01:36:37
2014-01-13 01:36:46        throttle.py,  257 in           __call__: INFO     Sleeping for 8.1 seconds, 2014-01-13 01:36:46
2014-01-13 01:36:55        throttle.py,  257 in           __call__: INFO     Sleeping for 8.1 seconds, 2014-01-13 01:36:55
2014-01-13 01:37:04        throttle.py,  257 in           __call__: INFO     Sleeping for 8.2 seconds, 2014-01-13 01:37:04
2014-01-13 01:37:13        throttle.py,  257 in           __call__: INFO     Sleeping for 8.1 seconds, 2014-01-13 01:37:13
2014-01-13 01:37:22        throttle.py,  257 in           __call__: INFO     Sleeping for 8.2 seconds, 2014-01-13 01:37:22
2014-01-13 01:37:31        throttle.py,  257 in           __call__: INFO     Sleeping for 8.2 seconds, 2014-01-13 01:37:31
2014-01-13 01:37:40        throttle.py,  257 in           __call__: INFO     Sleeping for 8.1 seconds, 2014-01-13 01:37:40
2014-01-13 01:37:49        throttle.py,  257 in           __call__: INFO     Sleeping for 8.2 seconds, 2014-01-13 01:37:49
2014-01-13 01:37:58        throttle.py,  257 in           __call__: INFO     Sleeping for 8.1 seconds, 2014-01-13 01:37:58
2014-01-13 01:38:07        throttle.py,  257 in           __call__: INFO     Sleeping for 8.1 seconds, 2014-01-13 01:38:07
2014-01-13 01:38:16        throttle.py,  257 in           __call__: INFO     Sleeping for 8.1 seconds, 2014-01-13 01:38:16
2014-01-13 01:38:25        throttle.py,  257 in           __call__: INFO     Sleeping for 28.1 seconds, 2014-01-13 01:38:25
2014-01-13 01:38:54        throttle.py,  257 in           __call__: INFO     Sleeping for 28.1 seconds, 2014-01-13 01:38:54
2014-01-13 01:39:23        throttle.py,  257 in           __call__: INFO     Sleeping for 28.1 seconds, 2014-01-13 01:39:23
2014-01-13 01:39:52        throttle.py,  257 in           __call__: INFO     Sleeping for 28.1 seconds, 2014-01-13 01:39:52
2014-01-13 01:40:22        throttle.py,  257 in           __call__: INFO     Sleeping for 27.7 seconds, 2014-01-13 01:40:22
2014-01-13 01:40:51        throttle.py,  257 in           __call__: INFO     Sleeping for 26.9 seconds, 2014-01-13 01:40:51
2014-01-13 01:41:19        throttle.py,  257 in           __call__: INFO     Sleeping for 28.1 seconds, 2014-01-13 01:41:19
2014-01-13 01:41:48        throttle.py,  257 in           __call__: INFO     Sleeping for 28.1 seconds, 2014-01-13 01:41:48
2014-01-13 01:42:17        throttle.py,  257 in           __call__: INFO     Sleeping for 28.1 seconds, 2014-01-13 01:42:17
2014-01-13 01:42:46        throttle.py,  257 in           __call__: INFO     Sleeping for 28.1 seconds, 2014-01-13 01:42:46
2014-01-13 01:43:16        throttle.py,  257 in           __call__: INFO     Sleeping for 28.0 seconds, 2014-01-13 01:43:16
2014-01-13 01:43:45        throttle.py,  257 in           __call__: INFO     Sleeping for 28.1 seconds, 2014-01-13 01:43:45
2014-01-13 01:44:14        throttle.py,  257 in           __call__: INFO     Sleeping for 28.1 seconds, 2014-01-13 01:44:14
2014-01-13 01:44:44        throttle.py,  257 in           __call__: INFO     Sleeping for 27.2 seconds, 2014-01-13 01:44:44
2014-01-13 01:45:12        throttle.py,  257 in           __call__: INFO     Sleeping for 28.1 seconds, 2014-01-13 01:45:12
2014-01-13 01:45:41        throttle.py,  257 in           __call__: INFO     Sleeping for 28.1 seconds, 2014-01-13 01:45:41
2014-01-13 01:46:10        throttle.py,  257 in           __call__: INFO     Sleeping for 28.1 seconds, 2014-01-13 01:46:10
2014-01-13 01:46:39        throttle.py,  257 in           __call__: INFO     Sleeping for 28.1 seconds, 2014-01-13 01:46:39
2014-01-13 01:47:08        throttle.py,  257 in           __call__: INFO     Sleeping for 28.2 seconds, 2014-01-13 01:47:08
2014-01-13 01:47:37        throttle.py,  257 in           __call__: INFO     Sleeping for 28.1 seconds, 2014-01-13 01:47:37
2014-01-13 01:48:06        throttle.py,  257 in           __call__: INFO     Sleeping for 28.1 seconds, 2014-01-13 01:48:06
2014-01-13 01:48:35        throttle.py,  257 in           __call__: INFO     Sleeping for 28.1 seconds, 2014-01-13 01:48:35
2014-01-13 01:49:04        throttle.py,  257 in           __call__: INFO     Sleeping for 28.1 seconds, 2014-01-13 01:49:04
2014-01-13 01:49:33        throttle.py,  257 in           __call__: INFO     Sleeping for 28.1 seconds, 2014-01-13 01:49:33
2014-01-13 01:50:02        throttle.py,  257 in           __call__: INFO     Sleeping for 28.2 seconds, 2014-01-13 01:50:02
2014-01-13 01:50:31        throttle.py,  257 in           __call__: INFO     Sleeping for 28.1 seconds, 2014-01-13 01:50:31
2014-01-13 01:51:00        throttle.py,  257 in           __call__: INFO     Sleeping for 28.1 seconds, 2014-01-13 01:51:00
2014-01-13 01:51:29        throttle.py,  257 in           __call__: INFO     Sleeping for 28.1 seconds, 2014-01-13 01:51:29
2014-01-13 01:51:58        throttle.py,  257 in           __call__: INFO     Sleeping for 28.1 seconds, 2014-01-13 01:51:58
2014-01-13 01:52:27        throttle.py,  257 in           __call__: INFO     Sleeping for 28.1 seconds, 2014-01-13 01:52:27
2014-01-13 01:52:56        throttle.py,  257 in           __call__: INFO     Sleeping for 28.1 seconds, 2014-01-13 01:52:56
2014-01-13 01:53:25        throttle.py,  257 in           __call__: INFO     Sleeping for 28.1 seconds, 2014-01-13 01:53:25
2014-01-13 01:53:54        throttle.py,  257 in           __call__: INFO     Sleeping for 28.1 seconds, 2014-01-13 01:53:54
2014-01-13 01:54:23        throttle.py,  257 in           __call__: INFO     Sleeping for 28.2 seconds, 2014-01-13 01:54:23
2014-01-13 01:54:52        throttle.py,  257 in           __call__: INFO     Sleeping for 28.1 seconds, 2014-01-13 01:54:52
2014-01-13 01:55:21        throttle.py,  257 in           __call__: INFO     Sleeping for 28.1 seconds, 2014-01-13 01:55:21
2014-01-13 01:55:50        throttle.py,  257 in           __call__: INFO     Sleeping for 28.1 seconds, 2014-01-13 01:55:50
2014-01-13 01:56:19        throttle.py,  257 in           __call__: INFO     Sleeping for 28.2 seconds, 2014-01-13 01:56:19
2014-01-13 01:56:48        throttle.py,  257 in           __call__: INFO     Sleeping for 28.1 seconds, 2014-01-13 01:56:48
2014-01-13 01:57:17        throttle.py,  257 in           __call__: INFO     Sleeping for 28.1 seconds, 2014-01-13 01:57:17
2014-01-13 01:57:47        throttle.py,  257 in           __call__: INFO     Sleeping for 28.1 seconds, 2014-01-13 01:57:47
2014-01-13 01:58:16        throttle.py,  257 in           __call__: INFO     Sleeping for 28.1 seconds, 2014-01-13 01:58:16
2014-01-13 01:58:45        throttle.py,  257 in           __call__: INFO     Sleeping for 28.2 seconds, 2014-01-13 01:58:45
2014-01-13 01:59:14        throttle.py,  257 in           __call__: INFO     Sleeping for 28.1 seconds, 2014-01-13 01:59:14
2014-01-13 01:59:43        throttle.py,  257 in           __call__: INFO     Sleeping for 28.1 seconds, 2014-01-13 01:59:43
2014-01-13 02:00:12        throttle.py,  257 in           __call__: INFO     Sleeping for 29.1 seconds, 2014-01-13 02:00:12
2014-01-13 02:00:42        throttle.py,  257 in           __call__: INFO     Sleeping for 29.1 seconds, 2014-01-13 02:00:42
2014-01-13 02:01:12        throttle.py,  257 in           __call__: INFO     Sleeping for 29.1 seconds, 2014-01-13 02:01:12
2014-01-13 02:01:42        throttle.py,  257 in           __call__: INFO     Sleeping for 29.1 seconds, 2014-01-13 02:01:42
2014-01-13 02:02:12        throttle.py,  257 in           __call__: INFO     Sleeping for 29.1 seconds, 2014-01-13 02:02:12
2014-01-13 02:02:42        throttle.py,  257 in           __call__: INFO     Sleeping for 29.1 seconds, 2014-01-13 02:02:42
2014-01-13 02:03:12        throttle.py,  257 in           __call__: INFO     Sleeping for 29.1 seconds, 2014-01-13 02:03:12
2014-01-13 02:03:42        throttle.py,  257 in           __call__: INFO     Sleeping for 29.1 seconds, 2014-01-13 02:03:42
2014-01-13 02:04:12        throttle.py,  257 in           __call__: INFO     Sleeping for 29.1 seconds, 2014-01-13 02:04:12
2014-01-13 02:04:42        throttle.py,  257 in           __call__: INFO     Sleeping for 29.1 seconds, 2014-01-13 02:04:42
2014-01-13 02:05:12        throttle.py,  257 in           __call__: INFO     Sleeping for 29.1 seconds, 2014-01-13 02:05:12
2014-01-13 02:05:42        throttle.py,  257 in           __call__: INFO     Sleeping for 29.1 seconds, 2014-01-13 02:05:42
2014-01-13 02:06:12        throttle.py,  257 in           __call__: INFO     Sleeping for 29.1 seconds, 2014-01-13 02:06:12
2014-01-13 02:06:42        throttle.py,  257 in           __call__: INFO     Sleeping for 29.1 seconds, 2014-01-13 02:06:42
2014-01-13 02:07:12        throttle.py,  257 in           __call__: INFO     Sleeping for 29.1 seconds, 2014-01-13 02:07:12
2014-01-13 02:07:43        throttle.py,  257 in           __call__: INFO     Sleeping for 29.1 seconds, 2014-01-13 02:07:43
2014-01-13 02:08:13        throttle.py,  257 in           __call__: INFO     Sleeping for 29.1 seconds, 2014-01-13 02:08:13
2014-01-13 02:08:43        throttle.py,  257 in           __call__: INFO     Sleeping for 29.0 seconds, 2014-01-13 02:08:43
2014-01-13 02:09:13        throttle.py,  257 in           __call__: INFO     Sleeping for 29.1 seconds, 2014-01-13 02:09:13
2014-01-13 02:09:43        throttle.py,  257 in           __call__: INFO     Sleeping for 29.1 seconds, 2014-01-13 02:09:43
2014-01-13 02:10:13        throttle.py,  257 in           __call__: INFO     Sleeping for 29.1 seconds, 2014-01-13 02:10:13
2014-01-13 02:10:43        throttle.py,  257 in           __call__: INFO     Sleeping for 29.1 seconds, 2014-01-13 02:10:43
2014-01-13 02:11:13        throttle.py,  257 in           __call__: INFO     Sleeping for 29.1 seconds, 2014-01-13 02:11:13
2014-01-13 02:11:43        throttle.py,  257 in           __call__: INFO     Sleeping for 29.1 seconds, 2014-01-13 02:11:43
2014-01-13 02:12:13        throttle.py,  257 in           __call__: INFO     Sleeping for 29.1 seconds, 2014-01-13 02:12:13
2014-01-13 02:12:44        throttle.py,  257 in           __call__: INFO     Sleeping for 28.6 seconds, 2014-01-13 02:12:44
2014-01-13 02:13:13        throttle.py,  257 in           __call__: INFO     Sleeping for 29.1 seconds, 2014-01-13 02:13:13
2014-01-13 02:13:43        throttle.py,  257 in           __call__: INFO     Sleeping for 29.2 seconds, 2014-01-13 02:13:43
2014-01-13 02:14:13        throttle.py,  257 in           __call__: INFO     Sleeping for 29.1 seconds, 2014-01-13 02:14:13
2014-01-13 02:14:43        throttle.py,  257 in           __call__: INFO     Sleeping for 29.1 seconds, 2014-01-13 02:14:43
2014-01-13 02:15:16        throttle.py,  257 in           __call__: INFO     Sleeping for 26.8 seconds, 2014-01-13 02:15:16
2014-01-13 02:15:44        throttle.py,  257 in           __call__: INFO     Sleeping for 29.1 seconds, 2014-01-13 02:15:44
2014-01-13 02:16:15        throttle.py,  257 in           __call__: INFO     Sleeping for 28.4 seconds, 2014-01-13 02:16:15
2014-01-13 02:16:44        throttle.py,  257 in           __call__: INFO     Sleeping for 29.0 seconds, 2014-01-13 02:16:44
2014-01-13 02:17:14        throttle.py,  257 in           __call__: INFO     Sleeping for 29.1 seconds, 2014-01-13 02:17:14
2014-01-13 02:17:44        throttle.py,  257 in           __call__: INFO     Sleeping for 29.2 seconds, 2014-01-13 02:17:44
2014-01-13 02:18:14        throttle.py,  257 in           __call__: INFO     Sleeping for 29.1 seconds, 2014-01-13 02:18:14
2014-01-13 02:18:44        throttle.py,  257 in           __call__: INFO     Sleeping for 29.1 seconds, 2014-01-13 02:18:44
2014-01-13 02:19:14        throttle.py,  257 in           __call__: INFO     Sleeping for 29.1 seconds, 2014-01-13 02:19:14
2014-01-13 02:19:44        throttle.py,  257 in           __call__: INFO     Sleeping for 29.1 seconds, 2014-01-13 02:19:44
2014-01-13 02:20:14        throttle.py,  257 in           __call__: INFO     Sleeping for 29.1 seconds, 2014-01-13 02:20:14
2014-01-13 02:20:45        throttle.py,  257 in           __call__: INFO     Sleeping for 29.1 seconds, 2014-01-13 02:20:45
2014-01-13 02:21:15        throttle.py,  257 in           __call__: INFO     Sleeping for 29.1 seconds, 2014-01-13 02:21:15
2014-01-13 02:21:45        throttle.py,  257 in           __call__: INFO     Sleeping for 29.1 seconds, 2014-01-13 02:21:45
2014-01-13 02:22:15        throttle.py,  257 in           __call__: INFO     Sleeping for 29.1 seconds, 2014-01-13 02:22:15
2014-01-13 02:22:45        throttle.py,  257 in           __call__: INFO     Sleeping for 29.1 seconds, 2014-01-13 02:22:45
2014-01-13 02:23:15        throttle.py,  257 in           __call__: INFO     Sleeping for 29.1 seconds, 2014-01-13 02:23:15
2014-01-13 02:23:45        throttle.py,  257 in           __call__: INFO     Sleeping for 29.2 seconds, 2014-01-13 02:23:45
2014-01-13 02:24:15        throttle.py,  257 in           __call__: INFO     Sleeping for 29.1 seconds, 2014-01-13 02:24:15
2014-01-13 02:24:45        throttle.py,  257 in           __call__: INFO     Sleeping for 29.2 seconds, 2014-01-13 02:24:45
2014-01-13 02:25:15        throttle.py,  257 in           __call__: INFO     Sleeping for 29.2 seconds, 2014-01-13 02:25:15
2014-01-13 02:25:45        throttle.py,  257 in           __call__: INFO     Sleeping for 29.1 seconds, 2014-01-13 02:25:45
2014-01-13 02:26:15        throttle.py,  257 in           __call__: INFO     Sleeping for 29.1 seconds, 2014-01-13 02:26:15
2014-01-13 02:26:48        throttle.py,  257 in           __call__: INFO     Sleeping for 26.6 seconds, 2014-01-13 02:26:48
2014-01-13 02:27:16        throttle.py,  257 in           __call__: INFO     Sleeping for 29.1 seconds, 2014-01-13 02:27:16
2014-01-13 02:27:47        throttle.py,  257 in           __call__: INFO     Sleeping for 28.9 seconds, 2014-01-13 02:27:47
2014-01-13 02:28:17        throttle.py,  257 in           __call__: INFO     Sleeping for 28.9 seconds, 2014-01-13 02:28:17
2014-01-13 02:28:47        throttle.py,  257 in           __call__: INFO     Sleeping for 29.1 seconds, 2014-01-13 02:28:47
2014-01-13 02:29:17        throttle.py,  257 in           __call__: INFO     Sleeping for 29.1 seconds, 2014-01-13 02:29:17
2014-01-13 02:29:47        throttle.py,  257 in           __call__: INFO     Sleeping for 29.1 seconds, 2014-01-13 02:29:47
2014-01-13 02:30:17        throttle.py,  257 in           __call__: INFO     Sleeping for 29.1 seconds, 2014-01-13 02:30:17
2014-01-13 02:30:47        throttle.py,  257 in           __call__: INFO     Sleeping for 29.1 seconds, 2014-01-13 02:30:47
2014-01-13 02:31:17        throttle.py,  257 in           __call__: INFO     Sleeping for 30.1 seconds, 2014-01-13 02:31:17
2014-01-13 02:31:48        throttle.py,  257 in           __call__: INFO     Sleeping for 30.1 seconds, 2014-01-13 02:31:48
2014-01-13 02:32:19        throttle.py,  257 in           __call__: INFO     Sleeping for 30.1 seconds, 2014-01-13 02:32:19
2014-01-13 02:32:50        throttle.py,  257 in           __call__: INFO     Sleeping for 30.1 seconds, 2014-01-13 02:32:50
2014-01-13 02:33:21        throttle.py,  257 in           __call__: INFO     Sleeping for 30.1 seconds, 2014-01-13 02:33:21
2014-01-13 02:33:52        throttle.py,  257 in           __call__: INFO     Sleeping for 30.1 seconds, 2014-01-13 02:33:52
2014-01-13 02:34:23        throttle.py,  257 in           __call__: INFO     Sleeping for 30.2 seconds, 2014-01-13 02:34:23
2014-01-13 02:34:54        throttle.py,  257 in           __call__: INFO     Sleeping for 30.1 seconds, 2014-01-13 02:34:54
2014-01-13 02:35:25        throttle.py,  257 in           __call__: INFO     Sleeping for 30.1 seconds, 2014-01-13 02:35:25
2014-01-13 02:35:56        throttle.py,  257 in           __call__: INFO     Sleeping for 30.1 seconds, 2014-01-13 02:35:56
2014-01-13 02:36:27        throttle.py,  257 in           __call__: INFO     Sleeping for 30.1 seconds, 2014-01-13 02:36:27
2014-01-13 02:36:58        throttle.py,  257 in           __call__: INFO     Sleeping for 30.1 seconds, 2014-01-13 02:36:58
2014-01-13 02:37:29        throttle.py,  257 in           __call__: INFO     Sleeping for 30.1 seconds, 2014-01-13 02:37:29
2014-01-13 02:38:00        throttle.py,  257 in           __call__: INFO     Sleeping for 30.1 seconds, 2014-01-13 02:38:00
2014-01-13 02:38:31        throttle.py,  257 in           __call__: INFO     Sleeping for 30.1 seconds, 2014-01-13 02:38:31
2014-01-13 02:39:02        throttle.py,  257 in           __call__: INFO     Sleeping for 30.1 seconds, 2014-01-13 02:39:02
2014-01-13 02:39:33        throttle.py,  257 in           __call__: INFO     Sleeping for 30.1 seconds, 2014-01-13 02:39:33
2014-01-13 02:40:05        throttle.py,  257 in           __call__: INFO     Sleeping for 29.7 seconds, 2014-01-13 02:40:05
2014-01-13 02:40:36        throttle.py,  257 in           __call__: INFO     Sleeping for 30.1 seconds, 2014-01-13 02:40:36
2014-01-13 02:41:07        throttle.py,  257 in           __call__: INFO     Sleeping for 30.1 seconds, 2014-01-13 02:41:07
2014-01-13 02:41:38        throttle.py,  257 in           __call__: INFO     Sleeping for 30.0 seconds, 2014-01-13 02:41:38
2014-01-13 02:42:09        throttle.py,  257 in           __call__: INFO     Sleeping for 30.1 seconds, 2014-01-13 02:42:09
2014-01-13 02:42:40        throttle.py,  257 in           __call__: INFO     Sleeping for 30.1 seconds, 2014-01-13 02:42:40
2014-01-13 02:43:11        throttle.py,  257 in           __call__: INFO     Sleeping for 30.1 seconds, 2014-01-13 02:43:11
2014-01-13 02:43:42        throttle.py,  257 in           __call__: INFO     Sleeping for 30.1 seconds, 2014-01-13 02:43:42
2014-01-13 02:44:13        throttle.py,  257 in           __call__: INFO     Sleeping for 30.1 seconds, 2014-01-13 02:44:13
2014-01-13 02:44:44        throttle.py,  257 in           __call__: INFO     Sleeping for 30.1 seconds, 2014-01-13 02:44:44
2014-01-13 02:45:15        throttle.py,  257 in           __call__: INFO     Sleeping for 30.1 seconds, 2014-01-13 02:45:15
2014-01-13 02:45:46        throttle.py,  257 in           __call__: INFO     Sleeping for 30.1 seconds, 2014-01-13 02:45:46
2014-01-13 02:46:17        throttle.py,  257 in           __call__: INFO     Sleeping for 30.1 seconds, 2014-01-13 02:46:17
2014-01-13 02:46:48        throttle.py,  257 in           __call__: INFO     Sleeping for 30.1 seconds, 2014-01-13 02:46:48
2014-01-13 02:47:19        throttle.py,  257 in           __call__: INFO     Sleeping for 30.2 seconds, 2014-01-13 02:47:19
2014-01-13 02:47:50        throttle.py,  257 in           __call__: INFO     Sleeping for 30.1 seconds, 2014-01-13 02:47:50
2014-01-13 02:48:21        throttle.py,  257 in           __call__: INFO     Sleeping for 30.1 seconds, 2014-01-13 02:48:21
2014-01-13 02:48:52        throttle.py,  257 in           __call__: INFO     Sleeping for 30.1 seconds, 2014-01-13 02:48:52
2014-01-13 02:49:23        throttle.py,  257 in           __call__: INFO     Sleeping for 30.1 seconds, 2014-01-13 02:49:23
2014-01-13 02:49:54        throttle.py,  257 in           __call__: INFO     Sleeping for 30.1 seconds, 2014-01-13 02:49:54
2014-01-13 02:50:25        throttle.py,  257 in           __call__: INFO     Sleeping for 30.1 seconds, 2014-01-13 02:50:25
2014-01-13 02:50:56        throttle.py,  257 in           __call__: INFO     Sleeping for 30.1 seconds, 2014-01-13 02:50:56
2014-01-13 02:51:27        throttle.py,  257 in           __call__: INFO     Sleeping for 30.1 seconds, 2014-01-13 02:51:27
2014-01-13 02:51:58        throttle.py,  257 in           __call__: INFO     Sleeping for 30.2 seconds, 2014-01-13 02:51:58
2014-01-13 02:52:29        throttle.py,  257 in           __call__: INFO     Sleeping for 30.2 seconds, 2014-01-13 02:52:29
2014-01-13 02:53:00        throttle.py,  257 in           __call__: INFO     Sleeping for 30.2 seconds, 2014-01-13 02:53:00
2014-01-13 02:53:32        throttle.py,  257 in           __call__: INFO     Sleeping for 30.1 seconds, 2014-01-13 02:53:32
2014-01-13 02:54:03        throttle.py,  257 in           __call__: INFO     Sleeping for 30.1 seconds, 2014-01-13 02:54:03
2014-01-13 02:54:34        throttle.py,  257 in           __call__: INFO     Sleeping for 30.2 seconds, 2014-01-13 02:54:34
2014-01-13 02:55:05        throttle.py,  257 in           __call__: INFO     Sleeping for 30.2 seconds, 2014-01-13 02:55:05
2014-01-13 02:55:36        throttle.py,  257 in           __call__: INFO     Sleeping for 30.1 seconds, 2014-01-13 02:55:36
2014-01-13 02:56:07        throttle.py,  257 in           __call__: INFO     Sleeping for 30.1 seconds, 2014-01-13 02:56:07
2014-01-13 02:56:38        throttle.py,  257 in           __call__: INFO     Sleeping for 30.1 seconds, 2014-01-13 02:56:38
2014-01-13 02:57:09        throttle.py,  257 in           __call__: INFO     Sleeping for 30.1 seconds, 2014-01-13 02:57:09
2014-01-13 02:57:40        throttle.py,  257 in           __call__: INFO     Sleeping for 30.1 seconds, 2014-01-13 02:57:40
2014-01-13 02:58:12        throttle.py,  257 in           __call__: INFO     Sleeping for 29.1 seconds, 2014-01-13 02:58:12
2014-01-13 02:58:42        throttle.py,  257 in           __call__: INFO     Sleeping for 30.1 seconds, 2014-01-13 02:58:42
2014-01-13 02:59:13        throttle.py,  257 in           __call__: INFO     Sleeping for 30.2 seconds, 2014-01-13 02:59:13
2014-01-13 02:59:44        throttle.py,  257 in           __call__: INFO     Sleeping for 30.2 seconds, 2014-01-13 02:59:44
2014-01-13 03:00:16        throttle.py,  257 in           __call__: INFO     Sleeping for 30.9 seconds, 2014-01-13 03:00:16
2014-01-13 03:00:56        throttle.py,  257 in           __call__: INFO     Sleeping for 23.2 seconds, 2014-01-13 03:00:55
2014-01-13 03:01:24        throttle.py,  257 in           __call__: INFO     Sleeping for 29.1 seconds, 2014-01-13 03:01:24
2014-01-13 03:01:54        throttle.py,  257 in           __call__: INFO     Sleeping for 31.1 seconds, 2014-01-13 03:01:54
2014-01-13 03:02:26        throttle.py,  257 in           __call__: INFO     Sleeping for 31.1 seconds, 2014-01-13 03:02:26
2014-01-13 03:02:58        throttle.py,  257 in           __call__: INFO     Sleeping for 31.1 seconds, 2014-01-13 03:02:58
2014-01-13 03:03:30        throttle.py,  257 in           __call__: INFO     Sleeping for 31.1 seconds, 2014-01-13 03:03:30
2014-01-13 03:04:02        throttle.py,  257 in           __call__: INFO     Sleeping for 31.1 seconds, 2014-01-13 03:04:02
2014-01-13 03:04:34        throttle.py,  257 in           __call__: INFO     Sleeping for 31.1 seconds, 2014-01-13 03:04:34
2014-01-13 03:05:06        throttle.py,  257 in           __call__: INFO     Sleeping for 31.1 seconds, 2014-01-13 03:05:06
2014-01-13 03:05:38        throttle.py,  257 in           __call__: INFO     Sleeping for 31.1 seconds, 2014-01-13 03:05:38
2014-01-13 03:06:10        throttle.py,  257 in           __call__: INFO     Sleeping for 31.1 seconds, 2014-01-13 03:06:10
2014-01-13 03:06:42        throttle.py,  257 in           __call__: INFO     Sleeping for 30.1 seconds, 2014-01-13 03:06:42
2014-01-13 03:07:13        throttle.py,  257 in           __call__: INFO     Sleeping for 30.0 seconds, 2014-01-13 03:07:13
2014-01-13 03:07:44        throttle.py,  257 in           __call__: INFO     Sleeping for 30.1 seconds, 2014-01-13 03:07:44
2014-01-13 03:08:15        throttle.py,  257 in           __call__: INFO     Sleeping for 30.1 seconds, 2014-01-13 03:08:15
2014-01-13 03:08:46        throttle.py,  257 in           __call__: INFO     Sleeping for 30.1 seconds, 2014-01-13 03:08:46
2014-01-13 03:09:17        throttle.py,  257 in           __call__: INFO     Sleeping for 30.2 seconds, 2014-01-13 03:09:17
2014-01-13 03:09:48        throttle.py,  257 in           __call__: INFO     Sleeping for 30.2 seconds, 2014-01-13 03:09:48
2014-01-13 03:10:19        throttle.py,  257 in           __call__: INFO     Sleeping for 30.1 seconds, 2014-01-13 03:10:19
2014-01-13 03:10:50        throttle.py,  257 in           __call__: INFO     Sleeping for 30.1 seconds, 2014-01-13 03:10:50
2014-01-13 03:11:21        throttle.py,  257 in           __call__: INFO     Sleeping for 30.2 seconds, 2014-01-13 03:11:21
2014-01-13 03:11:52        throttle.py,  257 in           __call__: INFO     Sleeping for 30.1 seconds, 2014-01-13 03:11:52
