2013-12-19 23:08:38          catlib.py,  252 in     _parseCategory: INFO     Getting [[വർഗ്ഗം:വിക്കിഗ്രന്ഥശാല]] list...
2013-12-19 23:12:09          catlib.py,  252 in     _parseCategory: INFO     Getting [[വർഗ്ഗം:വിക്കിഗ്രന്ഥശാല]] list...
2013-12-19 23:12:44          catlib.py,  252 in     _parseCategory: INFO     Getting [[വർഗ്ഗം:വിക്കിഗ്രന്ഥശാല]] list...
2013-12-19 23:13:42          catlib.py,  252 in     _parseCategory: INFO     Getting [[വർഗ്ഗം:വിക്കിഗ്രന്ഥശാല]] list...
2013-12-19 23:13:59          catlib.py,  252 in     _parseCategory: INFO     Getting [[വർഗ്ഗം:വിക്കിഗ്രന്ഥശാല]] list...
2013-12-19 23:17:14          catlib.py,  252 in     _parseCategory: INFO     Getting [[വർഗ്ഗം:വിക്കിഗ്രന്ഥശാല]] list...
2013-12-19 23:17:33          catlib.py,  252 in     _parseCategory: INFO     Getting [[വർഗ്ഗം:വിക്കിഗ്രന്ഥശാല]] list...
2013-12-19 23:17:44          catlib.py,  252 in     _parseCategory: INFO     Getting [[വർഗ്ഗം:വിക്കിഗ്രന്ഥശാല]] list...
2013-12-19 23:19:42          catlib.py,  252 in     _parseCategory: INFO     Getting [[വർഗ്ഗം:വിക്കിഗ്രന്ഥശാല]] list...
2013-12-19 23:20:00          catlib.py,  252 in     _parseCategory: INFO     Getting [[വർഗ്ഗം:വിക്കിഗ്രന്ഥശാല]] list...
2013-12-19 23:20:58          catlib.py,  252 in     _parseCategory: INFO     Getting [[വർഗ്ഗം:വിക്കിഗ്രന്ഥശാല]] list...
2013-12-19 23:22:00          catlib.py,  252 in     _parseCategory: INFO     Getting [[വർഗ്ഗം:വിക്കിഗ്രന്ഥശാല]] list...
2013-12-19 23:23:02          catlib.py,  252 in     _parseCategory: INFO     Getting [[വർഗ്ഗം:വിക്കിഗ്രന്ഥശാല]] list...
2013-12-19 23:23:57          catlib.py,  252 in     _parseCategory: INFO     Getting [[വർഗ്ഗം:വിക്കിഗ്രന്ഥശാല]] list...
2013-12-19 23:24:12          catlib.py,  252 in     _parseCategory: INFO     Getting [[വർഗ്ഗം:വിക്കിഗ്രന്ഥശാല]] list...
2013-12-19 23:24:36          catlib.py,  252 in     _parseCategory: INFO     Getting [[വർഗ്ഗം:വിക്കിഗ്രന്ഥശാല]] list...
2013-12-19 23:26:18          catlib.py,  252 in     _parseCategory: INFO     Getting [[വർഗ്ഗം:വിക്കിഗ്രന്ഥശാല]] list...
2013-12-19 23:27:17          catlib.py,  252 in     _parseCategory: INFO     Getting [[വർഗ്ഗം:വിക്കിഗ്രന്ഥശാല]] list...
2013-12-19 23:28:15          catlib.py,  252 in     _parseCategory: INFO     Getting [[വർഗ്ഗം:വിക്കിഗ്രന്ഥശാല]] list...
2013-12-19 23:32:57          catlib.py,  252 in     _parseCategory: INFO     Getting [[വർഗ്ഗം:UTF-8]] list...
2013-12-19 23:33:19          catlib.py,  252 in     _parseCategory: INFO     Getting [[വർഗ്ഗം:UTF-8]] list...
2013-12-19 23:33:47          catlib.py,  252 in     _parseCategory: INFO     Getting [[വർഗ്ഗം:വിക്കിഗ്രന്ഥശാല]] list...
2013-12-19 23:34:26          catlib.py,  252 in     _parseCategory: INFO     Getting [[വർഗ്ഗം:Wikisource Contributors List.py]] list...
2013-12-19 23:34:40          catlib.py,  252 in     _parseCategory: INFO     Getting [[വർഗ്ഗം:വിക്കിഗ്രന്ഥശാല]] list...
2013-12-19 23:35:07          catlib.py,  252 in     _parseCategory: INFO     Getting [[വർഗ്ഗം:വിക്കിഗ്രന്ഥശാല]] list...
2013-12-19 23:43:06          catlib.py,  252 in     _parseCategory: INFO     Getting [[വർഗ്ഗം:വിക്കിഗ്രന്ഥശാല]] list...
2013-12-19 23:43:33          catlib.py,  252 in     _parseCategory: INFO     Getting [[വർഗ്ഗം:വിക്കിഗ്രന്ഥശാല]] list...
2013-12-19 23:45:27          catlib.py,  252 in     _parseCategory: INFO     Getting [[വർഗ്ഗം:വിക്കിഗ്രന്ഥശാല]] list...
2013-12-19 23:48:00          catlib.py,  252 in     _parseCategory: INFO     Getting [[വർഗ്ഗം:വിക്കിഗ്രന്ഥശാല]] list...
2013-12-19 23:48:28          catlib.py,  252 in     _parseCategory: INFO     Getting [[വർഗ്ഗം:വിക്കിഗ്രന്ഥശാല]] list...
2013-12-19 23:50:14          catlib.py,  252 in     _parseCategory: INFO     Getting [[വർഗ്ഗം:വിക്കിഗ്രന്ഥശാല]] list...
2013-12-19 23:52:20          catlib.py,  252 in     _parseCategory: INFO     Getting [[വർഗ്ഗം:വിക്കിഗ്രന്ഥശാല]] list...
2013-12-19 23:53:00          catlib.py,  252 in     _parseCategory: INFO     Getting [[വർഗ്ഗം:വിക്കിഗ്രന്ഥശാല]] list...
2013-12-19 23:53:27          catlib.py,  252 in     _parseCategory: INFO     Getting [[വർഗ്ഗം:വിക്കിഗ്രന്ഥശാല]] list...
2013-12-19 23:53:52          catlib.py,  252 in     _parseCategory: INFO     Getting [[വർഗ്ഗം:വിക്കിഗ്രന്ഥശാല]] list...
2013-12-19 23:54:16          catlib.py,  252 in     _parseCategory: INFO     Getting [[വർഗ്ഗം:വിക്കിഗ്രന്ഥശാല]] list...
2013-12-19 23:55:04          catlib.py,  252 in     _parseCategory: INFO     Getting [[വർഗ്ഗം:വിക്കിഗ്രന്ഥശാല]] list...
2013-12-20 00:35:30          catlib.py,  252 in     _parseCategory: INFO     Getting [[വർഗ്ഗം:Onetest]] list...
2013-12-20 00:36:43          catlib.py,  252 in     _parseCategory: INFO     Getting [[വർഗ്ഗം:Onetest]] list...
2013-12-20 01:17:50          catlib.py,  252 in     _parseCategory: INFO     Getting [[വർഗ്ഗം:ദേവീസ്തോത്രങ്ങൾ]] list...
2013-12-20 01:21:39          catlib.py,  252 in     _parseCategory: INFO     Getting [[വർഗ്ഗം:ദേവീസ്തോത്രങ്ങൾ]] list...
2013-12-20 01:23:49          catlib.py,  252 in     _parseCategory: INFO     Getting [[വർഗ്ഗം:ദേവീസ്തോത്രങ്ങൾ]] list...
2013-12-20 01:24:22          catlib.py,  252 in     _parseCategory: INFO     Getting [[വർഗ്ഗം:ദേവീസ്തോത്രങ്ങൾ]] list...
2013-12-20 01:25:21          catlib.py,  252 in     _parseCategory: INFO     Getting [[വർഗ്ഗം:ദേവീസ്തോത്രങ്ങൾ]] list...
2013-12-20 01:26:14          catlib.py,  252 in     _parseCategory: INFO     Getting [[വർഗ്ഗം:ദേവീസ്തോത്രങ്ങൾ]] list...
